<!DOCTYPE html>
<html>
  <head>
    <meta charset="utf-8"/>
    <title id="head-title">report.html</title>
      <style type="text/css">body {
  font-family: Helvetica, Arial, sans-serif;
  font-size: 12px;
  /* do not increase min-width as some may use split screens */
  min-width: 800px;
  color: #999;
}

h1 {
  font-size: 24px;
  color: black;
}

h2 {
  font-size: 16px;
  color: black;
}

p {
  color: black;
}

a {
  color: #999;
}

table {
  border-collapse: collapse;
}

/******************************
 * SUMMARY INFORMATION
 ******************************/
#environment td {
  padding: 5px;
  border: 1px solid #e6e6e6;
  vertical-align: top;
}
#environment tr:nth-child(odd) {
  background-color: #f6f6f6;
}
#environment ul {
  margin: 0;
  padding: 0 20px;
}

/******************************
 * TEST RESULT COLORS
 ******************************/
span.passed,
.passed .col-result {
  color: green;
}

span.skipped,
span.xfailed,
span.rerun,
.skipped .col-result,
.xfailed .col-result,
.rerun .col-result {
  color: orange;
}

span.error,
span.failed,
span.xpassed,
.error .col-result,
.failed .col-result,
.xpassed .col-result {
  color: red;
}

.col-links__extra {
  margin-right: 3px;
}

/******************************
 * RESULTS TABLE
 *
 * 1. Table Layout
 * 2. Extra
 * 3. Sorting items
 *
 ******************************/
/*------------------
 * 1. Table Layout
 *------------------*/
#results-table {
  border: 1px solid #e6e6e6;
  color: #999;
  font-size: 12px;
  width: 100%;
}
#results-table th,
#results-table td {
  padding: 5px;
  border: 1px solid #e6e6e6;
  text-align: left;
}
#results-table th {
  font-weight: bold;
}

/*------------------
 * 2. Extra
 *------------------*/
.logwrapper {
  max-height: 230px;
  overflow-y: scroll;
  background-color: #e6e6e6;
}
.logwrapper.expanded {
  max-height: none;
}
.logwrapper.expanded .logexpander:after {
  content: "collapse [-]";
}
.logwrapper .logexpander {
  z-index: 1;
  position: sticky;
  top: 10px;
  width: max-content;
  border: 1px solid;
  border-radius: 3px;
  padding: 5px 7px;
  margin: 10px 0 10px calc(100% - 80px);
  cursor: pointer;
  background-color: #e6e6e6;
}
.logwrapper .logexpander:after {
  content: "expand [+]";
}
.logwrapper .logexpander:hover {
  color: #000;
  border-color: #000;
}
.logwrapper .log {
  min-height: 40px;
  position: relative;
  top: -50px;
  height: calc(100% + 50px);
  border: 1px solid #e6e6e6;
  color: black;
  display: block;
  font-family: "Courier New", Courier, monospace;
  padding: 5px;
  padding-right: 80px;
  white-space: pre-wrap;
}

div.media {
  border: 1px solid #e6e6e6;
  float: right;
  height: 240px;
  margin: 0 5px;
  overflow: hidden;
  width: 320px;
}

.media-container {
  display: grid;
  grid-template-columns: 25px auto 25px;
  align-items: center;
  flex: 1 1;
  overflow: hidden;
  height: 200px;
}

.media-container--fullscreen {
  grid-template-columns: 0px auto 0px;
}

.media-container__nav--right,
.media-container__nav--left {
  text-align: center;
  cursor: pointer;
}

.media-container__viewport {
  cursor: pointer;
  text-align: center;
  height: inherit;
}
.media-container__viewport img,
.media-container__viewport video {
  object-fit: cover;
  width: 100%;
  max-height: 100%;
}

.media__name,
.media__counter {
  display: flex;
  flex-direction: row;
  justify-content: space-around;
  flex: 0 0 25px;
  align-items: center;
}

.collapsible td:not(.col-links) {
  cursor: pointer;
}
.collapsible td:not(.col-links):hover::after {
  color: #bbb;
  font-style: italic;
  cursor: pointer;
}

.col-result {
  width: 130px;
}
.col-result:hover::after {
  content: " (hide details)";
}

.col-result.collapsed:hover::after {
  content: " (show details)";
}

#environment-header h2:hover::after {
  content: " (hide details)";
  color: #bbb;
  font-style: italic;
  cursor: pointer;
  font-size: 12px;
}

#environment-header.collapsed h2:hover::after {
  content: " (show details)";
  color: #bbb;
  font-style: italic;
  cursor: pointer;
  font-size: 12px;
}

/*------------------
 * 3. Sorting items
 *------------------*/
.sortable {
  cursor: pointer;
}
.sortable.desc:after {
  content: " ";
  position: relative;
  left: 5px;
  bottom: -12.5px;
  border: 10px solid #4caf50;
  border-bottom: 0;
  border-left-color: transparent;
  border-right-color: transparent;
}
.sortable.asc:after {
  content: " ";
  position: relative;
  left: 5px;
  bottom: 12.5px;
  border: 10px solid #4caf50;
  border-top: 0;
  border-left-color: transparent;
  border-right-color: transparent;
}

.hidden, .summary__reload__button.hidden {
  display: none;
}

.summary__data {
  flex: 0 0 550px;
}
.summary__reload {
  flex: 1 1;
  display: flex;
  justify-content: center;
}
.summary__reload__button {
  flex: 0 0 300px;
  display: flex;
  color: white;
  font-weight: bold;
  background-color: #4caf50;
  text-align: center;
  justify-content: center;
  align-items: center;
  border-radius: 3px;
  cursor: pointer;
}
.summary__reload__button:hover {
  background-color: #46a049;
}
.summary__spacer {
  flex: 0 0 550px;
}

.controls {
  display: flex;
  justify-content: space-between;
}

.filters,
.collapse {
  display: flex;
  align-items: center;
}
.filters button,
.collapse button {
  color: #999;
  border: none;
  background: none;
  cursor: pointer;
  text-decoration: underline;
}
.filters button:hover,
.collapse button:hover {
  color: #ccc;
}

.filter__label {
  margin-right: 10px;
}

      </style>
    
  </head>
  <body>
    <h1 id="title">report.html</h1>
    <p>Report generated on 30-Oct-2025 at 06:27:19 by <a href="https://pypi.python.org/pypi/pytest-html">pytest-html</a>
        v4.1.1</p>
    <div id="environment-header">
      <h2>Environment</h2>
    </div>
    <table id="environment"></table>
    <!-- TEMPLATES -->
      <template id="template_environment_row">
      <tr>
        <td></td>
        <td></td>
      </tr>
    </template>
    <template id="template_results-table__body--empty">
      <tbody class="results-table-row">
        <tr id="not-found-message">
          <td colspan="4">No results found. Check the filters.</th>
        </tr>
    </template>
    <template id="template_results-table__tbody">
      <tbody class="results-table-row">
        <tr class="collapsible">
        </tr>
        <tr class="extras-row">
          <td class="extra" colspan="4">
            <div class="extraHTML"></div>
            <div class="media">
              <div class="media-container">
                  <div class="media-container__nav--left"><</div>
                  <div class="media-container__viewport">
                    <img src="" />
                    <video controls>
                      <source src="" type="video/mp4">
                    </video>
                  </div>
                  <div class="media-container__nav--right">></div>
                </div>
                <div class="media__name"></div>
                <div class="media__counter"></div>
            </div>
            <div class="logwrapper">
              <div class="logexpander"></div>
              <div class="log"></div>
            </div>
          </td>
        </tr>
      </tbody>
    </template>
    <!-- END TEMPLATES -->
    <div class="summary">
      <div class="summary__data">
        <h2>Summary</h2>
        <div class="additional-summary prefix">
        </div>
        <p class="run-count">43 tests took 00:13:55.</p>
        <p class="filter">(Un)check the boxes to filter the results.</p>
        <div class="summary__reload">
          <div class="summary__reload__button hidden" onclick="location.reload()">
            <div>There are still tests running. <br />Reload this page to get the latest results!</div>
          </div>
        </div>
        <div class="summary__spacer"></div>
        <div class="controls">
          <div class="filters">
            <input checked="true" class="filter" name="filter_checkbox" type="checkbox" data-test-result="failed" />
            <span class="failed">6 Failed,</span>
            <input checked="true" class="filter" name="filter_checkbox" type="checkbox" data-test-result="passed" />
            <span class="passed">37 Passed,</span>
            <input checked="true" class="filter" name="filter_checkbox" type="checkbox" data-test-result="skipped" disabled/>
            <span class="skipped">0 Skipped,</span>
            <input checked="true" class="filter" name="filter_checkbox" type="checkbox" data-test-result="xfailed" disabled/>
            <span class="xfailed">0 Expected failures,</span>
            <input checked="true" class="filter" name="filter_checkbox" type="checkbox" data-test-result="xpassed" disabled/>
            <span class="xpassed">0 Unexpected passes,</span>
            <input checked="true" class="filter" name="filter_checkbox" type="checkbox" data-test-result="error" disabled/>
            <span class="error">0 Errors,</span>
            <input checked="true" class="filter" name="filter_checkbox" type="checkbox" data-test-result="rerun" disabled/>
            <span class="rerun">0 Reruns</span>
          </div>
          <div class="collapse">
            <button id="show_all_details">Show all details</button>&nbsp;/&nbsp;<button id="hide_all_details">Hide all details</button>
          </div>
        </div>
      </div>
      <div class="additional-summary summary">
      </div>
      <div class="additional-summary postfix">
      </div>
    </div>
    <table id="results-table">
      <thead id="results-table-head">
        <tr>
          <th class="sortable" data-column-type="result">Result</th>
          <th class="sortable" data-column-type="testId">Test</th>
          <th class="sortable" data-column-type="duration">Duration</th>
          <th>Links</th>
        </tr>
      </thead>
    </table>
  </body>
  <footer>
    <div id="data-container" data-jsonblob="{&#34;environment&#34;: {&#34;Python&#34;: &#34;3.11.8&#34;, &#34;Platform&#34;: &#34;Windows-10-10.0.26100-SP0&#34;, &#34;Packages&#34;: {&#34;pytest&#34;: &#34;7.0.0&#34;, &#34;pluggy&#34;: &#34;1.6.0&#34;}, &#34;Plugins&#34;: {&#34;anyio&#34;: &#34;4.6.0&#34;, &#34;html&#34;: &#34;4.1.1&#34;, &#34;metadata&#34;: &#34;3.1.1&#34;}, &#34;JAVA_HOME&#34;: &#34;C:\\Program Files\\Java\\jdk-23&#34;}, &#34;tests&#34;: {&#34;tests/test_01_login_success_client.py::test_01_login_success_client&#34;: [{&#34;extras&#34;: [{&#34;name&#34;: &#34;Image&#34;, &#34;format_type&#34;: &#34;image&#34;, &#34;content&#34;: &#34;screenshots\\test_01_login_success_client_PASSED_20251030_061038.png&#34;, &#34;mime_type&#34;: &#34;image/png&#34;, &#34;extension&#34;: &#34;png&#34;}], &#34;result&#34;: &#34;Passed&#34;, &#34;testId&#34;: &#34;tests/test_01_login_success_client.py::test_01_login_success_client&#34;, &#34;duration&#34;: &#34;00:00:06&#34;, &#34;resultsTableRow&#34;: [&#34;&lt;td class=\&#34;col-result\&#34;&gt;Passed&lt;/td&gt;&#34;, &#34;&lt;td class=\&#34;col-testId\&#34;&gt;tests/test_01_login_success_client.py::test_01_login_success_client&lt;/td&gt;&#34;, &#34;&lt;td class=\&#34;col-duration\&#34;&gt;00:00:06&lt;/td&gt;&#34;, &#34;&lt;td class=\&#34;col-links\&#34;&gt;&lt;/td&gt;&#34;], &#34;log&#34;: &#34;------------------------------ Captured log setup ------------------------------\nWARNING  selenium.webdriver.common.selenium_manager:selenium_manager.py:127 There was an error managing chromedriver (error sending request for url (https://googlechromelabs.github.io/chrome-for-testing/known-good-versions-with-downloads.json)); using driver found in the cache\nWARNING  selenium.webdriver.common.selenium_manager:selenium_manager.py:127 Error sending stats to Plausible: error sending request for url (https://plausible.io/api/event)\n&#34;}], &#34;tests/test_02_login_validation_empty.py::test_02_login_validation_empty&#34;: [{&#34;extras&#34;: [{&#34;name&#34;: &#34;Image&#34;, &#34;format_type&#34;: &#34;image&#34;, &#34;content&#34;: &#34;screenshots\\test_02_login_validation_empty_FAILED_20251030_061107.png&#34;, &#34;mime_type&#34;: &#34;image/png&#34;, &#34;extension&#34;: &#34;png&#34;}], &#34;result&#34;: &#34;Failed&#34;, &#34;testId&#34;: &#34;tests/test_02_login_validation_empty.py::test_02_login_validation_empty&#34;, &#34;duration&#34;: &#34;00:00:25&#34;, &#34;resultsTableRow&#34;: [&#34;&lt;td class=\&#34;col-result\&#34;&gt;Failed&lt;/td&gt;&#34;, &#34;&lt;td class=\&#34;col-testId\&#34;&gt;tests/test_02_login_validation_empty.py::test_02_login_validation_empty&lt;/td&gt;&#34;, &#34;&lt;td class=\&#34;col-duration\&#34;&gt;00:00:25&lt;/td&gt;&#34;, &#34;&lt;td class=\&#34;col-links\&#34;&gt;&lt;/td&gt;&#34;], &#34;log&#34;: &#34;self = &amp;lt;screenpy_selenium.actions.wait.Wait object at 0x0000021E040CB710&amp;gt;, the_actor = User\n\n    @beat(&amp;quot;{} waits up to {timeout} seconds {log_message}&amp;quot;)\n    def perform_as(self: SelfWait, the_actor: Actor) -&amp;gt; None:\n        &amp;quot;&amp;quot;&amp;quot;Direct the Actor to wait for the condition to be satisfied.&amp;quot;&amp;quot;&amp;quot;\n        browser = the_actor.ability_to(BrowseTheWeb).browser\n    \n        try:\n&amp;gt;           WebDriverWait(browser, self.timeout).until(self.condition(*self.args))\n\n..\\..\\..\\..\\..\\AppData\\Local\\Programs\\Python\\Python311\\Lib\\site-packages\\screenpy_selenium\\actions\\wait.py:138: \n_ _ _ _ _ _ _ _ _ _ _ _ _ _ _ _ _ _ _ _ _ _ _ _ _ _ _ _ _ _ _ _ _ _ _ _ _ _ _ _ _ _ _ _ _ _ _ _ _ _ _ _ _ _ _ _ _ _ _ _ _ _ _ _ _ _ _ _ _ _ _ _ _ _ _\n\nself = &amp;lt;selenium.webdriver.support.wait.WebDriverWait (session=&amp;quot;f15135519aa2a0ca51a8348b852f4d09&amp;quot;)&amp;gt;\nmethod = &amp;lt;function visibility_of_element_located.&amp;lt;locals&amp;gt;._predicate at 0x0000021E04177600&amp;gt;, message = &amp;#x27;&amp;#x27;\n\n    def until(self, method: Callable[[D], Union[Literal[False], T]], message: str = &amp;quot;&amp;quot;) -&amp;gt; T:\n        &amp;quot;&amp;quot;&amp;quot;Calls the method provided with the driver as an argument until the \\\n        return value does not evaluate to ``False``.\n    \n        :param method: callable(WebDriver)\n        :param message: optional message for :exc:`TimeoutException`\n        :returns: the result of the last call to `method`\n        :raises: :exc:`selenium.common.exceptions.TimeoutException` if timeout occurs\n        &amp;quot;&amp;quot;&amp;quot;\n        screen = None\n        stacktrace = None\n    \n        end_time = time.monotonic() + self._timeout\n        while True:\n            try:\n                value = method(self._driver)\n                if value:\n                    return value\n            except self._ignored_exceptions as exc:\n                screen = getattr(exc, &amp;quot;screen&amp;quot;, None)\n                stacktrace = getattr(exc, &amp;quot;stacktrace&amp;quot;, None)\n            time.sleep(self._poll)\n            if time.monotonic() &amp;gt; end_time:\n                break\n&amp;gt;       raise TimeoutException(message, screen, stacktrace)\nE       selenium.common.exceptions.TimeoutException: Message: \nE       Stacktrace:\nE       \tGetHandleVerifier [0x0x7ff6f843e8e5+80021]\nE       \tGetHandleVerifier [0x0x7ff6f843e940+80112]\nE       \t(No symbol) [0x0x7ff6f81c060f]\nE       \t(No symbol) [0x0x7ff6f8218854]\nE       \t(No symbol) [0x0x7ff6f8218b1c]\nE       \t(No symbol) [0x0x7ff6f826c927]\nE       \t(No symbol) [0x0x7ff6f824126f]\nE       \t(No symbol) [0x0x7ff6f826968a]\nE       \t(No symbol) [0x0x7ff6f8241003]\nE       \t(No symbol) [0x0x7ff6f82095d1]\nE       \t(No symbol) [0x0x7ff6f820a3f3]\nE       \tGetHandleVerifier [0x0x7ff6f86fdc7d+2960429]\nE       \tGetHandleVerifier [0x0x7ff6f86f7f3a+2936554]\nE       \tGetHandleVerifier [0x0x7ff6f8718977+3070247]\nE       \tGetHandleVerifier [0x0x7ff6f84583ce+185214]\nE       \tGetHandleVerifier [0x0x7ff6f845fe1f+216527]\nE       \tGetHandleVerifier [0x0x7ff6f8447b24+117460]\nE       \tGetHandleVerifier [0x0x7ff6f8447cdf+117903]\nE       \tGetHandleVerifier [0x0x7ff6f842dbb8+11112]\nE       \tBaseThreadInitThunk [0x0x7ffbb3b3e8d7+23]\nE       \tRtlUserThreadStart [0x0x7ffbb444c53c+44]\n\n..\\..\\..\\..\\..\\AppData\\Local\\Programs\\Python\\Python311\\Lib\\site-packages\\selenium\\webdriver\\support\\wait.py:105: TimeoutException\n\nThe above exception was the direct cause of the following exception:\n\nactor = User\n\n    def test_02_login_validation_empty(actor):\n        &amp;quot;&amp;quot;&amp;quot;\n        Scenario: Login form validation with empty fields\n        Given the user is on the login page\n        When the user clicks login without entering any credentials\n        Then an error message should be displayed\n        &amp;quot;&amp;quot;&amp;quot;\n        # Given - Open the login page\n        actor.attempts_to(\n            Open.browser_on(&amp;quot;http://localhost:4200/login&amp;quot;),\n            VallmereLoginPage.wait_for_email_field()\n        )\n    \n        # When - Click login button without entering any data\n        actor.attempts_to(\n            VallmereLoginPage.click_login_button()\n        )\n    \n        # Brief pause to allow validation to display\n        time.sleep(0.5)\n    \n        # Then - Verify error message appears\n&amp;gt;       actor.attempts_to(\n            VallmereLoginPage.error_message_is_visible()\n        )\n\ntests\\test_02_login_validation_empty.py:32: \n_ _ _ _ _ _ _ _ _ _ _ _ _ _ _ _ _ _ _ _ _ _ _ _ _ _ _ _ _ _ _ _ _ _ _ _ _ _ _ _ _ _ _ _ _ _ _ _ _ _ _ _ _ _ _ _ _ _ _ _ _ _ _ _ _ _ _ _ _ _ _ _ _ _ _\n..\\..\\..\\..\\..\\AppData\\Local\\Programs\\Python\\Python311\\Lib\\site-packages\\screenpy\\actor.py:151: in attempts_to\n    self.perform(action)\n..\\..\\..\\..\\..\\AppData\\Local\\Programs\\Python\\Python311\\Lib\\site-packages\\screenpy\\actor.py:159: in perform\n    action.perform_as(self)\n..\\..\\..\\..\\..\\AppData\\Local\\Programs\\Python\\Python311\\Lib\\site-packages\\screenpy\\pacing.py:116: in wrapper\n    retval = n_func(*args, **kwargs)\n_ _ _ _ _ _ _ _ _ _ _ _ _ _ _ _ _ _ _ _ _ _ _ _ _ _ _ _ _ _ _ _ _ _ _ _ _ _ _ _ _ _ _ _ _ _ _ _ _ _ _ _ _ _ _ _ _ _ _ _ _ _ _ _ _ _ _ _ _ _ _ _ _ _ _\n\nself = &amp;lt;screenpy_selenium.actions.wait.Wait object at 0x0000021E040CB710&amp;gt;, the_actor = User\n\n    @beat(&amp;quot;{} waits up to {timeout} seconds {log_message}&amp;quot;)\n    def perform_as(self: SelfWait, the_actor: Actor) -&amp;gt; None:\n        &amp;quot;&amp;quot;&amp;quot;Direct the Actor to wait for the condition to be satisfied.&amp;quot;&amp;quot;&amp;quot;\n        browser = the_actor.ability_to(BrowseTheWeb).browser\n    \n        try:\n            WebDriverWait(browser, self.timeout).until(self.condition(*self.args))\n        except WebDriverException as e:\n            msg = (\n                f&amp;quot;Encountered an exception using {self.condition.__name__} with &amp;quot;\n                f&amp;quot;[{&amp;#x27;, &amp;#x27;.join(map(str, self.args))}]: {e.__class__.__name__}&amp;quot;\n            )\n&amp;gt;           raise DeliveryError(msg) from e\nE           screenpy.exceptions.DeliveryError: Encountered an exception using visibility_of_element_located with [error message]: TimeoutException\n\n..\\..\\..\\..\\..\\AppData\\Local\\Programs\\Python\\Python311\\Lib\\site-packages\\screenpy_selenium\\actions\\wait.py:144: DeliveryError\n\n------------------------------ Captured log setup ------------------------------\nWARNING  selenium.webdriver.common.selenium_manager:selenium_manager.py:127 There was an error managing chromedriver (error sending request for url (https://googlechromelabs.github.io/chrome-for-testing/known-good-versions-with-downloads.json)); using driver found in the cache\n\n------------------------------ Captured log call -------------------------------\nERROR    screenpy:stdout_adapter.py:50     ***ERROR***\n\nDeliveryError: Encountered an exception using visibility_of_element_located with [error message]: TimeoutException\n\n&#34;}], &#34;tests/test_03_login_validation_invalid_email.py::test_03_login_validation_invalid_email&#34;: [{&#34;extras&#34;: [{&#34;name&#34;: &#34;Image&#34;, &#34;format_type&#34;: &#34;image&#34;, &#34;content&#34;: &#34;screenshots\\test_03_login_validation_invalid_email_FAILED_20251030_061112.png&#34;, &#34;mime_type&#34;: &#34;image/png&#34;, &#34;extension&#34;: &#34;png&#34;}], &#34;result&#34;: &#34;Failed&#34;, &#34;testId&#34;: &#34;tests/test_03_login_validation_invalid_email.py::test_03_login_validation_invalid_email&#34;, &#34;duration&#34;: &#34;00:00:05&#34;, &#34;resultsTableRow&#34;: [&#34;&lt;td class=\&#34;col-result\&#34;&gt;Failed&lt;/td&gt;&#34;, &#34;&lt;td class=\&#34;col-testId\&#34;&gt;tests/test_03_login_validation_invalid_email.py::test_03_login_validation_invalid_email&lt;/td&gt;&#34;, &#34;&lt;td class=\&#34;col-duration\&#34;&gt;00:00:05&lt;/td&gt;&#34;, &#34;&lt;td class=\&#34;col-links\&#34;&gt;&lt;/td&gt;&#34;], &#34;log&#34;: &#34;actor = User\n\n    def test_03_login_validation_invalid_email(actor):\n        &amp;quot;&amp;quot;&amp;quot;\n        Scenario: Login form validation with invalid email format\n        Given the user is on the login page\n        When the user enters an invalid email format\n        And moves focus to trigger validation\n        Then an error message should indicate invalid email\n        &amp;quot;&amp;quot;&amp;quot;\n        # Given - Open the login page\n        actor.attempts_to(\n            Open.browser_on(&amp;quot;http://localhost:4200/login&amp;quot;),\n            VallmereLoginPage.wait_for_email_field()\n        )\n    \n        # When - Enter invalid email format and trigger validation by moving focus\n        actor.attempts_to(\n            VallmereLoginPage.enter_email(&amp;quot;notanemail&amp;quot;),\n            VallmereLoginPage.enter_password(&amp;quot;test123&amp;quot;),\n            Click.on(VallmereLoginPage.EMAIL_FIELD),  # Click email field\n            Click.on(VallmereLoginPage.PASSWORD_FIELD)  # Then click password to trigger validation\n        )\n    \n        # Brief pause to allow validation to display\n        time.sleep(0.3)\n    \n        # Then - Verify error message contains &amp;quot;valid email&amp;quot;\n&amp;gt;       actor.attempts_to(\n            VallmereLoginPage.error_message_contains(&amp;quot;Please enter a valid email&amp;quot;)\n        )\n\ntests\\test_03_login_validation_invalid_email.py:36: \n_ _ _ _ _ _ _ _ _ _ _ _ _ _ _ _ _ _ _ _ _ _ _ _ _ _ _ _ _ _ _ _ _ _ _ _ _ _ _ _ _ _ _ _ _ _ _ _ _ _ _ _ _ _ _ _ _ _ _ _ _ _ _ _ _ _ _ _ _ _ _ _ _ _ _\n..\\..\\..\\..\\..\\AppData\\Local\\Programs\\Python\\Python311\\Lib\\site-packages\\screenpy\\actor.py:151: in attempts_to\n    self.perform(action)\n..\\..\\..\\..\\..\\AppData\\Local\\Programs\\Python\\Python311\\Lib\\site-packages\\screenpy\\actor.py:159: in perform\n    action.perform_as(self)\n..\\..\\..\\..\\..\\AppData\\Local\\Programs\\Python\\Python311\\Lib\\site-packages\\screenpy\\pacing.py:116: in wrapper\n    retval = n_func(*args, **kwargs)\n_ _ _ _ _ _ _ _ _ _ _ _ _ _ _ _ _ _ _ _ _ _ _ _ _ _ _ _ _ _ _ _ _ _ _ _ _ _ _ _ _ _ _ _ _ _ _ _ _ _ _ _ _ _ _ _ _ _ _ _ _ _ _ _ _ _ _ _ _ _ _ _ _ _ _\n\nself = &amp;lt;screenpy.actions.see.See object at 0x0000021E045EE790&amp;gt;, the_actor = User\n\n    @beat(&amp;quot;{} sees if {question_to_log} is {resolution_to_log}.&amp;quot;)\n    def perform_as(self, the_actor: Actor) -&amp;gt; None:\n        &amp;quot;&amp;quot;&amp;quot;Direct the Actor to make an observation.&amp;quot;&amp;quot;&amp;quot;\n        if isinstance(self.question, Answerable):\n            value: object = self.question.answered_by(the_actor)\n        else:\n            # must be a value instead of a question!\n            value = self.question\n            aside(f&amp;quot;the actual value is: {represent_prop(value)}&amp;quot;)\n    \n        reason = &amp;quot;&amp;quot;\n        if isinstance(self.question, ErrorKeeper):\n            reason = f&amp;quot;{self.question.caught_exception}&amp;quot;\n    \n&amp;gt;       assert_that(value, self.resolution.resolve(), reason)\nE       AssertionError: \nE       Expected: a string containing &amp;#x27;Please enter a valid email&amp;#x27;\nE            but: was &amp;#x27;PLEASE ENTER A VALID EMAIL&amp;#x27;\n\n..\\..\\..\\..\\..\\AppData\\Local\\Programs\\Python\\Python311\\Lib\\site-packages\\screenpy\\actions\\see.py:79: AssertionError\n\n------------------------------ Captured log setup ------------------------------\nWARNING  selenium.webdriver.common.selenium_manager:selenium_manager.py:127 There was an error managing chromedriver (error sending request for url (https://googlechromelabs.github.io/chrome-for-testing/known-good-versions-with-downloads.json)); using driver found in the cache\n\n------------------------------ Captured log call -------------------------------\nERROR    screenpy:stdout_adapter.py:50     ***ERROR***\n\nAssertionError: \nExpected: a string containing &amp;#x27;Please enter a valid email&amp;#x27;\n     but: was &amp;#x27;PLEASE ENTER A VALID EMAIL&amp;#x27;\n\n&#34;}], &#34;tests/test_04_login_failure_wrong_credentials.py::test_04_login_failure_wrong_credentials&#34;: [{&#34;extras&#34;: [{&#34;name&#34;: &#34;Image&#34;, &#34;format_type&#34;: &#34;image&#34;, &#34;content&#34;: &#34;screenshots\\test_04_login_failure_wrong_credentials_PASSED_20251030_061117.png&#34;, &#34;mime_type&#34;: &#34;image/png&#34;, &#34;extension&#34;: &#34;png&#34;}], &#34;result&#34;: &#34;Passed&#34;, &#34;testId&#34;: &#34;tests/test_04_login_failure_wrong_credentials.py::test_04_login_failure_wrong_credentials&#34;, &#34;duration&#34;: &#34;00:00:05&#34;, &#34;resultsTableRow&#34;: [&#34;&lt;td class=\&#34;col-result\&#34;&gt;Passed&lt;/td&gt;&#34;, &#34;&lt;td class=\&#34;col-testId\&#34;&gt;tests/test_04_login_failure_wrong_credentials.py::test_04_login_failure_wrong_credentials&lt;/td&gt;&#34;, &#34;&lt;td class=\&#34;col-duration\&#34;&gt;00:00:05&lt;/td&gt;&#34;, &#34;&lt;td class=\&#34;col-links\&#34;&gt;&lt;/td&gt;&#34;], &#34;log&#34;: &#34;------------------------------ Captured log setup ------------------------------\nWARNING  selenium.webdriver.common.selenium_manager:selenium_manager.py:127 There was an error managing chromedriver (error sending request for url (https://googlechromelabs.github.io/chrome-for-testing/known-good-versions-with-downloads.json)); using driver found in the cache\n&#34;}], &#34;tests/test_05_signup_success.py::test_05_signup_success&#34;: [{&#34;extras&#34;: [{&#34;name&#34;: &#34;Image&#34;, &#34;format_type&#34;: &#34;image&#34;, &#34;content&#34;: &#34;screenshots\\test_05_signup_success_PASSED_20251030_061128.png&#34;, &#34;mime_type&#34;: &#34;image/png&#34;, &#34;extension&#34;: &#34;png&#34;}], &#34;result&#34;: &#34;Passed&#34;, &#34;testId&#34;: &#34;tests/test_05_signup_success.py::test_05_signup_success&#34;, &#34;duration&#34;: &#34;00:00:06&#34;, &#34;resultsTableRow&#34;: [&#34;&lt;td class=\&#34;col-result\&#34;&gt;Passed&lt;/td&gt;&#34;, &#34;&lt;td class=\&#34;col-testId\&#34;&gt;tests/test_05_signup_success.py::test_05_signup_success&lt;/td&gt;&#34;, &#34;&lt;td class=\&#34;col-duration\&#34;&gt;00:00:06&lt;/td&gt;&#34;, &#34;&lt;td class=\&#34;col-links\&#34;&gt;&lt;/td&gt;&#34;], &#34;log&#34;: &#34;------------------------------ Captured log setup ------------------------------\nWARNING  selenium.webdriver.common.selenium_manager:selenium_manager.py:127 There was an error managing chromedriver (error sending request for url (https://googlechromelabs.github.io/chrome-for-testing/known-good-versions-with-downloads.json)); using driver found in the cache\n&#34;}], &#34;tests/test_06_signup_validation_password_mismatch.py::test_06_signup_validation_password_mismatch&#34;: [{&#34;extras&#34;: [{&#34;name&#34;: &#34;Image&#34;, &#34;format_type&#34;: &#34;image&#34;, &#34;content&#34;: &#34;screenshots\\test_06_signup_validation_password_mismatch_FAILED_20251030_061146.png&#34;, &#34;mime_type&#34;: &#34;image/png&#34;, &#34;extension&#34;: &#34;png&#34;}], &#34;result&#34;: &#34;Failed&#34;, &#34;testId&#34;: &#34;tests/test_06_signup_validation_password_mismatch.py::test_06_signup_validation_password_mismatch&#34;, &#34;duration&#34;: &#34;00:00:06&#34;, &#34;resultsTableRow&#34;: [&#34;&lt;td class=\&#34;col-result\&#34;&gt;Failed&lt;/td&gt;&#34;, &#34;&lt;td class=\&#34;col-testId\&#34;&gt;tests/test_06_signup_validation_password_mismatch.py::test_06_signup_validation_password_mismatch&lt;/td&gt;&#34;, &#34;&lt;td class=\&#34;col-duration\&#34;&gt;00:00:06&lt;/td&gt;&#34;, &#34;&lt;td class=\&#34;col-links\&#34;&gt;&lt;/td&gt;&#34;], &#34;log&#34;: &#34;self = error message text, the_actor = User\n\n    def found_by(self: SelfTarget, the_actor: Actor) -&amp;gt; WebElement:\n        &amp;quot;&amp;quot;&amp;quot;Retrieve the |WebElement| as viewed by the Actor.&amp;quot;&amp;quot;&amp;quot;\n        browser = the_actor.ability_to(BrowseTheWeb).browser\n        try:\n&amp;gt;           return browser.find_element(*self)\n\n..\\..\\..\\..\\..\\AppData\\Local\\Programs\\Python\\Python311\\Lib\\site-packages\\screenpy_selenium\\target.py:109: \n_ _ _ _ _ _ _ _ _ _ _ _ _ _ _ _ _ _ _ _ _ _ _ _ _ _ _ _ _ _ _ _ _ _ _ _ _ _ _ _ _ _ _ _ _ _ _ _ _ _ _ _ _ _ _ _ _ _ _ _ _ _ _ _ _ _ _ _ _ _ _ _ _ _ _\n\nself = &amp;lt;selenium.webdriver.chrome.webdriver.WebDriver (session=&amp;quot;2a767a248b660f38d7c992c9066613bd&amp;quot;)&amp;gt;, by = &amp;#x27;css selector&amp;#x27;\nvalue = &amp;#x27;.error-message small&amp;#x27;\n\n    def find_element(self, by=By.ID, value: Optional[str] = None) -&amp;gt; WebElement:\n        &amp;quot;&amp;quot;&amp;quot;Find an element given a By strategy and locator.\n    \n        :Usage:\n            ::\n    \n                element = driver.find_element(By.ID, &amp;#x27;foo&amp;#x27;)\n    \n        :rtype: WebElement\n        &amp;quot;&amp;quot;&amp;quot;\n        if isinstance(by, RelativeBy):\n            elements = self.find_elements(by=by, value=value)\n            if not elements:\n                raise NoSuchElementException(f&amp;quot;Cannot locate relative element with: {by.root}&amp;quot;)\n            return elements[0]\n    \n        if by == By.ID:\n            by = By.CSS_SELECTOR\n            value = f&amp;#x27;[id=&amp;quot;{value}&amp;quot;]&amp;#x27;\n        elif by == By.CLASS_NAME:\n            by = By.CSS_SELECTOR\n            value = f&amp;quot;.{value}&amp;quot;\n        elif by == By.NAME:\n            by = By.CSS_SELECTOR\n            value = f&amp;#x27;[name=&amp;quot;{value}&amp;quot;]&amp;#x27;\n    \n&amp;gt;       return self.execute(Command.FIND_ELEMENT, {&amp;quot;using&amp;quot;: by, &amp;quot;value&amp;quot;: value})[&amp;quot;value&amp;quot;]\n\n..\\..\\..\\..\\..\\AppData\\Local\\Programs\\Python\\Python311\\Lib\\site-packages\\selenium\\webdriver\\remote\\webdriver.py:741: \n_ _ _ _ _ _ _ _ _ _ _ _ _ _ _ _ _ _ _ _ _ _ _ _ _ _ _ _ _ _ _ _ _ _ _ _ _ _ _ _ _ _ _ _ _ _ _ _ _ _ _ _ _ _ _ _ _ _ _ _ _ _ _ _ _ _ _ _ _ _ _ _ _ _ _\n\nself = &amp;lt;selenium.webdriver.chrome.webdriver.WebDriver (session=&amp;quot;2a767a248b660f38d7c992c9066613bd&amp;quot;)&amp;gt;, driver_command = &amp;#x27;findElement&amp;#x27;\nparams = {&amp;#x27;using&amp;#x27;: &amp;#x27;css selector&amp;#x27;, &amp;#x27;value&amp;#x27;: &amp;#x27;.error-message small&amp;#x27;}\n\n    def execute(self, driver_command: str, params: dict = None) -&amp;gt; dict:\n        &amp;quot;&amp;quot;&amp;quot;Sends a command to be executed by a command.CommandExecutor.\n    \n        :Args:\n         - driver_command: The name of the command to execute as a string.\n         - params: A dictionary of named parameters to send with the command.\n    \n        :Returns:\n          The command&amp;#x27;s JSON response loaded into a dictionary object.\n        &amp;quot;&amp;quot;&amp;quot;\n        params = self._wrap_value(params)\n    \n        if self.session_id:\n            if not params:\n                params = {&amp;quot;sessionId&amp;quot;: self.session_id}\n            elif &amp;quot;sessionId&amp;quot; not in params:\n                params[&amp;quot;sessionId&amp;quot;] = self.session_id\n    \n        response = self.command_executor.execute(driver_command, params)\n        if response:\n&amp;gt;           self.error_handler.check_response(response)\n\n..\\..\\..\\..\\..\\AppData\\Local\\Programs\\Python\\Python311\\Lib\\site-packages\\selenium\\webdriver\\remote\\webdriver.py:347: \n_ _ _ _ _ _ _ _ _ _ _ _ _ _ _ _ _ _ _ _ _ _ _ _ _ _ _ _ _ _ _ _ _ _ _ _ _ _ _ _ _ _ _ _ _ _ _ _ _ _ _ _ _ _ _ _ _ _ _ _ _ _ _ _ _ _ _ _ _ _ _ _ _ _ _\n\nself = &amp;lt;selenium.webdriver.remote.errorhandler.ErrorHandler object at 0x0000021E045B2290&amp;gt;\nresponse = {&amp;#x27;status&amp;#x27;: 404, &amp;#x27;value&amp;#x27;: &amp;#x27;{&amp;quot;value&amp;quot;:{&amp;quot;error&amp;quot;:&amp;quot;no such element&amp;quot;,&amp;quot;message&amp;quot;:&amp;quot;no such element: Unable to locate element: {\\...ff6f842dbb8+11112]\\\\n\\\\tBaseThreadInitThunk [0x0x7ffbb3b3e8d7+23]\\\\n\\\\tRtlUserThreadStart [0x0x7ffbb444c53c+44]\\\\n&amp;quot;}}&amp;#x27;}\n\n    def check_response(self, response: Dict[str, Any]) -&amp;gt; None:\n        &amp;quot;&amp;quot;&amp;quot;Checks that a JSON response from the WebDriver does not have an\n        error.\n    \n        :Args:\n         - response - The JSON response from the WebDriver server as a dictionary\n           object.\n    \n        :Raises: If the response contains an error message.\n        &amp;quot;&amp;quot;&amp;quot;\n        status = response.get(&amp;quot;status&amp;quot;, None)\n        if not status or status == ErrorCode.SUCCESS:\n            return\n        value = None\n        message = response.get(&amp;quot;message&amp;quot;, &amp;quot;&amp;quot;)\n        screen: str = response.get(&amp;quot;screen&amp;quot;, &amp;quot;&amp;quot;)\n        stacktrace = None\n        if isinstance(status, int):\n            value_json = response.get(&amp;quot;value&amp;quot;, None)\n            if value_json and isinstance(value_json, str):\n                import json\n    \n                try:\n                    value = json.loads(value_json)\n                    if len(value) == 1:\n                        value = value[&amp;quot;value&amp;quot;]\n                    status = value.get(&amp;quot;error&amp;quot;, None)\n                    if not status:\n                        status = value.get(&amp;quot;status&amp;quot;, ErrorCode.UNKNOWN_ERROR)\n                        message = value.get(&amp;quot;value&amp;quot;) or value.get(&amp;quot;message&amp;quot;)\n                        if not isinstance(message, str):\n                            value = message\n                            message = message.get(&amp;quot;message&amp;quot;)\n                    else:\n                        message = value.get(&amp;quot;message&amp;quot;, None)\n                except ValueError:\n                    pass\n    \n        exception_class: Type[WebDriverException]\n        e = ErrorCode()\n        error_codes = [item for item in dir(e) if not item.startswith(&amp;quot;__&amp;quot;)]\n        for error_code in error_codes:\n            error_info = getattr(ErrorCode, error_code)\n            if isinstance(error_info, list) and status in error_info:\n                exception_class = getattr(ExceptionMapping, error_code, WebDriverException)\n                break\n        else:\n            exception_class = WebDriverException\n    \n        if not value:\n            value = response[&amp;quot;value&amp;quot;]\n        if isinstance(value, str):\n            raise exception_class(value)\n        if message == &amp;quot;&amp;quot; and &amp;quot;message&amp;quot; in value:\n            message = value[&amp;quot;message&amp;quot;]\n    \n        screen = None  # type: ignore[assignment]\n        if &amp;quot;screen&amp;quot; in value:\n            screen = value[&amp;quot;screen&amp;quot;]\n    \n        stacktrace = None\n        st_value = value.get(&amp;quot;stackTrace&amp;quot;) or value.get(&amp;quot;stacktrace&amp;quot;)\n        if st_value:\n            if isinstance(st_value, str):\n                stacktrace = st_value.split(&amp;quot;\\n&amp;quot;)\n            else:\n                stacktrace = []\n                try:\n                    for frame in st_value:\n                        line = frame.get(&amp;quot;lineNumber&amp;quot;, &amp;quot;&amp;quot;)\n                        file = frame.get(&amp;quot;fileName&amp;quot;, &amp;quot;&amp;lt;anonymous&amp;gt;&amp;quot;)\n                        if line:\n                            file = f&amp;quot;{file}:{line}&amp;quot;\n                        meth = frame.get(&amp;quot;methodName&amp;quot;, &amp;quot;&amp;lt;anonymous&amp;gt;&amp;quot;)\n                        if &amp;quot;className&amp;quot; in frame:\n                            meth = f&amp;quot;{frame[&amp;#x27;className&amp;#x27;]}.{meth}&amp;quot;\n                        msg = &amp;quot;    at %s (%s)&amp;quot;\n                        msg = msg % (meth, file)\n                        stacktrace.append(msg)\n                except TypeError:\n                    pass\n        if exception_class == UnexpectedAlertPresentException:\n            alert_text = None\n            if &amp;quot;data&amp;quot; in value:\n                alert_text = value[&amp;quot;data&amp;quot;].get(&amp;quot;text&amp;quot;)\n            elif &amp;quot;alert&amp;quot; in value:\n                alert_text = value[&amp;quot;alert&amp;quot;].get(&amp;quot;text&amp;quot;)\n            raise exception_class(message, screen, stacktrace, alert_text)  # type: ignore[call-arg]  # mypy is not smart enough here\n&amp;gt;       raise exception_class(message, screen, stacktrace)\nE       selenium.common.exceptions.NoSuchElementException: Message: no such element: Unable to locate element: {&amp;quot;method&amp;quot;:&amp;quot;css selector&amp;quot;,&amp;quot;selector&amp;quot;:&amp;quot;.error-message small&amp;quot;}\nE         (Session info: chrome=141.0.7390.123); For documentation on this error, please visit: https://www.selenium.dev/documentation/webdriver/troubleshooting/errors#no-such-element-exception\nE       Stacktrace:\nE       \tGetHandleVerifier [0x0x7ff6f843e8e5+80021]\nE       \tGetHandleVerifier [0x0x7ff6f843e940+80112]\nE       \t(No symbol) [0x0x7ff6f81c060f]\nE       \t(No symbol) [0x0x7ff6f8218854]\nE       \t(No symbol) [0x0x7ff6f8218b1c]\nE       \t(No symbol) [0x0x7ff6f826c927]\nE       \t(No symbol) [0x0x7ff6f824126f]\nE       \t(No symbol) [0x0x7ff6f826968a]\nE       \t(No symbol) [0x0x7ff6f8241003]\nE       \t(No symbol) [0x0x7ff6f82095d1]\nE       \t(No symbol) [0x0x7ff6f820a3f3]\nE       \tGetHandleVerifier [0x0x7ff6f86fdc7d+2960429]\nE       \tGetHandleVerifier [0x0x7ff6f86f7f3a+2936554]\nE       \tGetHandleVerifier [0x0x7ff6f8718977+3070247]\nE       \tGetHandleVerifier [0x0x7ff6f84583ce+185214]\nE       \tGetHandleVerifier [0x0x7ff6f845fe1f+216527]\nE       \tGetHandleVerifier [0x0x7ff6f8447b24+117460]\nE       \tGetHandleVerifier [0x0x7ff6f8447cdf+117903]\nE       \tGetHandleVerifier [0x0x7ff6f842dbb8+11112]\nE       \tBaseThreadInitThunk [0x0x7ffbb3b3e8d7+23]\nE       \tRtlUserThreadStart [0x0x7ffbb444c53c+44]\n\n..\\..\\..\\..\\..\\AppData\\Local\\Programs\\Python\\Python311\\Lib\\site-packages\\selenium\\webdriver\\remote\\errorhandler.py:229: NoSuchElementException\n\nThe above exception was the direct cause of the following exception:\n\nactor = User\n\n    def test_06_signup_validation_password_mismatch(actor):\n        &amp;quot;&amp;quot;&amp;quot;\n        Scenario: Signup form validation with mismatched passwords\n        Given the user is on the signup page\n        When the user enters different passwords in password and confirm password fields\n        And clicks the signup button\n        Then an error message should indicate passwords don&amp;#x27;t match\n        &amp;quot;&amp;quot;&amp;quot;\n        # Given - Open the signup page\n        actor.attempts_to(\n            Open.browser_on(&amp;quot;http://localhost:4200/sign-up&amp;quot;),\n            VallmereSignUpPage.wait_for_name_field()\n        )\n    \n        # When - Enter data with mismatched passwords\n        actor.attempts_to(\n            VallmereSignUpPage.enter_name(&amp;quot;Test User&amp;quot;),\n            VallmereSignUpPage.enter_email(&amp;quot;test@vallmere.com&amp;quot;),\n            VallmereSignUpPage.enter_password(&amp;quot;password123&amp;quot;),\n            VallmereSignUpPage.enter_confirm_password(&amp;quot;different123&amp;quot;),  # Different password\n            VallmereSignUpPage.click_signup_button()\n        )\n    \n        # Brief pause to allow validation to display\n        time.sleep(0.8)\n    \n        # Then - Verify error message about password mismatch\n&amp;gt;       actor.attempts_to(\n            VallmereSignUpPage.error_message_contains(&amp;quot;Passwords do not match&amp;quot;)\n        )\n\ntests\\test_06_signup_validation_password_mismatch.py:37: \n_ _ _ _ _ _ _ _ _ _ _ _ _ _ _ _ _ _ _ _ _ _ _ _ _ _ _ _ _ _ _ _ _ _ _ _ _ _ _ _ _ _ _ _ _ _ _ _ _ _ _ _ _ _ _ _ _ _ _ _ _ _ _ _ _ _ _ _ _ _ _ _ _ _ _\n..\\..\\..\\..\\..\\AppData\\Local\\Programs\\Python\\Python311\\Lib\\site-packages\\screenpy\\actor.py:151: in attempts_to\n    self.perform(action)\n..\\..\\..\\..\\..\\AppData\\Local\\Programs\\Python\\Python311\\Lib\\site-packages\\screenpy\\actor.py:159: in perform\n    action.perform_as(self)\n..\\..\\..\\..\\..\\AppData\\Local\\Programs\\Python\\Python311\\Lib\\site-packages\\screenpy\\pacing.py:116: in wrapper\n    retval = n_func(*args, **kwargs)\n..\\..\\..\\..\\..\\AppData\\Local\\Programs\\Python\\Python311\\Lib\\site-packages\\screenpy\\actions\\see.py:69: in perform_as\n    value: object = self.question.answered_by(the_actor)\n..\\..\\..\\..\\..\\AppData\\Local\\Programs\\Python\\Python311\\Lib\\site-packages\\screenpy\\pacing.py:116: in wrapper\n    retval = n_func(*args, **kwargs)\n..\\..\\..\\..\\..\\AppData\\Local\\Programs\\Python\\Python311\\Lib\\site-packages\\screenpy_selenium\\questions\\text.py:69: in answered_by\n    return self.target.found_by(the_actor).text\n_ _ _ _ _ _ _ _ _ _ _ _ _ _ _ _ _ _ _ _ _ _ _ _ _ _ _ _ _ _ _ _ _ _ _ _ _ _ _ _ _ _ _ _ _ _ _ _ _ _ _ _ _ _ _ _ _ _ _ _ _ _ _ _ _ _ _ _ _ _ _ _ _ _ _\n\nself = error message text, the_actor = User\n\n    def found_by(self: SelfTarget, the_actor: Actor) -&amp;gt; WebElement:\n        &amp;quot;&amp;quot;&amp;quot;Retrieve the |WebElement| as viewed by the Actor.&amp;quot;&amp;quot;&amp;quot;\n        browser = the_actor.ability_to(BrowseTheWeb).browser\n        try:\n            return browser.find_element(*self)\n        except WebDriverException as e:\n&amp;gt;           raise TargetingError(f&amp;quot;{e} raised while trying to find {self}.&amp;quot;) from e\nE           screenpy_selenium.exceptions.TargetingError: Message: no such element: Unable to locate element: {&amp;quot;method&amp;quot;:&amp;quot;css selector&amp;quot;,&amp;quot;selector&amp;quot;:&amp;quot;.error-message small&amp;quot;}\nE             (Session info: chrome=141.0.7390.123); For documentation on this error, please visit: https://www.selenium.dev/documentation/webdriver/troubleshooting/errors#no-such-element-exception\nE           Stacktrace:\nE           \tGetHandleVerifier [0x0x7ff6f843e8e5+80021]\nE           \tGetHandleVerifier [0x0x7ff6f843e940+80112]\nE           \t(No symbol) [0x0x7ff6f81c060f]\nE           \t(No symbol) [0x0x7ff6f8218854]\nE           \t(No symbol) [0x0x7ff6f8218b1c]\nE           \t(No symbol) [0x0x7ff6f826c927]\nE           \t(No symbol) [0x0x7ff6f824126f]\nE           \t(No symbol) [0x0x7ff6f826968a]\nE           \t(No symbol) [0x0x7ff6f8241003]\nE           \t(No symbol) [0x0x7ff6f82095d1]\nE           \t(No symbol) [0x0x7ff6f820a3f3]\nE           \tGetHandleVerifier [0x0x7ff6f86fdc7d+2960429]\nE           \tGetHandleVerifier [0x0x7ff6f86f7f3a+2936554]\nE           \tGetHandleVerifier [0x0x7ff6f8718977+3070247]\nE           \tGetHandleVerifier [0x0x7ff6f84583ce+185214]\nE           \tGetHandleVerifier [0x0x7ff6f845fe1f+216527]\nE           \tGetHandleVerifier [0x0x7ff6f8447b24+117460]\nE           \tGetHandleVerifier [0x0x7ff6f8447cdf+117903]\nE           \tGetHandleVerifier [0x0x7ff6f842dbb8+11112]\nE           \tBaseThreadInitThunk [0x0x7ffbb3b3e8d7+23]\nE           \tRtlUserThreadStart [0x0x7ffbb444c53c+44]\nE            raised while trying to find error message text.\n\n..\\..\\..\\..\\..\\AppData\\Local\\Programs\\Python\\Python311\\Lib\\site-packages\\screenpy_selenium\\target.py:111: TargetingError\n\n------------------------------ Captured log setup ------------------------------\nWARNING  selenium.webdriver.common.selenium_manager:selenium_manager.py:127 There was an error managing chromedriver (error sending request for url (https://googlechromelabs.github.io/chrome-for-testing/known-good-versions-with-downloads.json)); using driver found in the cache\n\n------------------------------ Captured log call -------------------------------\nERROR    screenpy:stdout_adapter.py:50         ***ERROR***\n\nTargetingError: Message: no such element: Unable to locate element: {&amp;quot;method&amp;quot;:&amp;quot;css selector&amp;quot;,&amp;quot;selector&amp;quot;:&amp;quot;.error-message small&amp;quot;}\n  (Session info: chrome=141.0.7390.123); For documentation on this error, please visit: https://www.selenium.dev/documentation/webdriver/troubleshooting/errors#no-such-element-exception\nStacktrace:\n\tGetHandleVerifier [0x0x7ff6f843e8e5+80021]\n\tGetHandleVerifier [0x0x7ff6f843e940+80112]\n\t(No symbol) [0x0x7ff6f81c060f]\n\t(No symbol) [0x0x7ff6f8218854]\n\t(No symbol) [0x0x7ff6f8218b1c]\n\t(No symbol) [0x0x7ff6f826c927]\n\t(No symbol) [0x0x7ff6f824126f]\n\t(No symbol) [0x0x7ff6f826968a]\n\t(No symbol) [0x0x7ff6f8241003]\n\t(No symbol) [0x0x7ff6f82095d1]\n\t(No symbol) [0x0x7ff6f820a3f3]\n\tGetHandleVerifier [0x0x7ff6f86fdc7d+2960429]\n\tGetHandleVerifier [0x0x7ff6f86f7f3a+2936554]\n\tGetHandleVerifier [0x0x7ff6f8718977+3070247]\n\tGetHandleVerifier [0x0x7ff6f84583ce+185214]\n\tGetHandleVerifier [0x0x7ff6f845fe1f+216527]\n\tGetHandleVerifier [0x0x7ff6f8447b24+117460]\n\tGetHandleVerifier [0x0x7ff6f8447cdf+117903]\n\tGetHandleVerifier [0x0x7ff6f842dbb8+11112]\n\tBaseThreadInitThunk [0x0x7ffbb3b3e8d7+23]\n\tRtlUserThreadStart [0x0x7ffbb444c53c+44]\n raised while trying to find error message text.\n\n&#34;}], &#34;tests/test_07_signup_validation_short_name.py::test_07_signup_validation_short_name&#34;: [{&#34;extras&#34;: [{&#34;name&#34;: &#34;Image&#34;, &#34;format_type&#34;: &#34;image&#34;, &#34;content&#34;: &#34;screenshots\\test_07_signup_validation_short_name_PASSED_20251030_061217.png&#34;, &#34;mime_type&#34;: &#34;image/png&#34;, &#34;extension&#34;: &#34;png&#34;}], &#34;result&#34;: &#34;Passed&#34;, &#34;testId&#34;: &#34;tests/test_07_signup_validation_short_name.py::test_07_signup_validation_short_name&#34;, &#34;duration&#34;: &#34;00:00:31&#34;, &#34;resultsTableRow&#34;: [&#34;&lt;td class=\&#34;col-result\&#34;&gt;Passed&lt;/td&gt;&#34;, &#34;&lt;td class=\&#34;col-testId\&#34;&gt;tests/test_07_signup_validation_short_name.py::test_07_signup_validation_short_name&lt;/td&gt;&#34;, &#34;&lt;td class=\&#34;col-duration\&#34;&gt;00:00:31&lt;/td&gt;&#34;, &#34;&lt;td class=\&#34;col-links\&#34;&gt;&lt;/td&gt;&#34;], &#34;log&#34;: &#34;------------------------------ Captured log setup ------------------------------\nWARNING  selenium.webdriver.common.selenium_manager:selenium_manager.py:127 There was an error managing chromedriver (error sending request for url (https://googlechromelabs.github.io/chrome-for-testing/known-good-versions-with-downloads.json)); using driver found in the cache\n&#34;}], &#34;tests/test_09_browse_products_landing.py::test_09_browse_products_landing&#34;: [{&#34;extras&#34;: [{&#34;name&#34;: &#34;Image&#34;, &#34;format_type&#34;: &#34;image&#34;, &#34;content&#34;: &#34;screenshots\\test_09_browse_products_landing_PASSED_20251030_061315.png&#34;, &#34;mime_type&#34;: &#34;image/png&#34;, &#34;extension&#34;: &#34;png&#34;}], &#34;result&#34;: &#34;Passed&#34;, &#34;testId&#34;: &#34;tests/test_09_browse_products_landing.py::test_09_browse_products_landing&#34;, &#34;duration&#34;: &#34;00:00:53&#34;, &#34;resultsTableRow&#34;: [&#34;&lt;td class=\&#34;col-result\&#34;&gt;Passed&lt;/td&gt;&#34;, &#34;&lt;td class=\&#34;col-testId\&#34;&gt;tests/test_09_browse_products_landing.py::test_09_browse_products_landing&lt;/td&gt;&#34;, &#34;&lt;td class=\&#34;col-duration\&#34;&gt;00:00:53&lt;/td&gt;&#34;, &#34;&lt;td class=\&#34;col-links\&#34;&gt;&lt;/td&gt;&#34;], &#34;log&#34;: &#34;------------------------------ Captured log setup ------------------------------\nWARNING  selenium.webdriver.common.selenium_manager:selenium_manager.py:127 There was an error managing chromedriver (error sending request for url (https://googlechromelabs.github.io/chrome-for-testing/known-good-versions-with-downloads.json)); using driver found in the cache\n&#34;}], &#34;tests/test_10_product_detail_view.py::test_10_product_detail_view&#34;: [{&#34;extras&#34;: [{&#34;name&#34;: &#34;Image&#34;, &#34;format_type&#34;: &#34;image&#34;, &#34;content&#34;: &#34;screenshots\\test_10_product_detail_view_PASSED_20251030_061354.png&#34;, &#34;mime_type&#34;: &#34;image/png&#34;, &#34;extension&#34;: &#34;png&#34;}], &#34;result&#34;: &#34;Passed&#34;, &#34;testId&#34;: &#34;tests/test_10_product_detail_view.py::test_10_product_detail_view&#34;, &#34;duration&#34;: &#34;00:00:35&#34;, &#34;resultsTableRow&#34;: [&#34;&lt;td class=\&#34;col-result\&#34;&gt;Passed&lt;/td&gt;&#34;, &#34;&lt;td class=\&#34;col-testId\&#34;&gt;tests/test_10_product_detail_view.py::test_10_product_detail_view&lt;/td&gt;&#34;, &#34;&lt;td class=\&#34;col-duration\&#34;&gt;00:00:35&lt;/td&gt;&#34;, &#34;&lt;td class=\&#34;col-links\&#34;&gt;&lt;/td&gt;&#34;], &#34;log&#34;: &#34;------------------------------ Captured log setup ------------------------------\nWARNING  selenium.webdriver.common.selenium_manager:selenium_manager.py:127 There was an error managing chromedriver (error sending request for url (https://googlechromelabs.github.io/chrome-for-testing/known-good-versions-with-downloads.json)); using driver found in the cache\n&#34;}], &#34;tests/test_11_product_modal_size_guide.py::test_11_product_modal_size_guide&#34;: [{&#34;extras&#34;: [{&#34;name&#34;: &#34;Image&#34;, &#34;format_type&#34;: &#34;image&#34;, &#34;content&#34;: &#34;screenshots\\test_11_product_modal_size_guide_PASSED_20251030_061433.png&#34;, &#34;mime_type&#34;: &#34;image/png&#34;, &#34;extension&#34;: &#34;png&#34;}], &#34;result&#34;: &#34;Passed&#34;, &#34;testId&#34;: &#34;tests/test_11_product_modal_size_guide.py::test_11_product_modal_size_guide&#34;, &#34;duration&#34;: &#34;00:00:35&#34;, &#34;resultsTableRow&#34;: [&#34;&lt;td class=\&#34;col-result\&#34;&gt;Passed&lt;/td&gt;&#34;, &#34;&lt;td class=\&#34;col-testId\&#34;&gt;tests/test_11_product_modal_size_guide.py::test_11_product_modal_size_guide&lt;/td&gt;&#34;, &#34;&lt;td class=\&#34;col-duration\&#34;&gt;00:00:35&lt;/td&gt;&#34;, &#34;&lt;td class=\&#34;col-links\&#34;&gt;&lt;/td&gt;&#34;], &#34;log&#34;: &#34;------------------------------ Captured log setup ------------------------------\nWARNING  selenium.webdriver.common.selenium_manager:selenium_manager.py:127 There was an error managing chromedriver (error sending request for url (https://googlechromelabs.github.io/chrome-for-testing/known-good-versions-with-downloads.json)); using driver found in the cache\n&#34;}], &#34;tests/test_12_product_modal_shipping.py::test_12_product_modal_shipping&#34;: [{&#34;extras&#34;: [{&#34;name&#34;: &#34;Image&#34;, &#34;format_type&#34;: &#34;image&#34;, &#34;content&#34;: &#34;screenshots\\test_12_product_modal_shipping_PASSED_20251030_061524.png&#34;, &#34;mime_type&#34;: &#34;image/png&#34;, &#34;extension&#34;: &#34;png&#34;}], &#34;result&#34;: &#34;Passed&#34;, &#34;testId&#34;: &#34;tests/test_12_product_modal_shipping.py::test_12_product_modal_shipping&#34;, &#34;duration&#34;: &#34;00:00:47&#34;, &#34;resultsTableRow&#34;: [&#34;&lt;td class=\&#34;col-result\&#34;&gt;Passed&lt;/td&gt;&#34;, &#34;&lt;td class=\&#34;col-testId\&#34;&gt;tests/test_12_product_modal_shipping.py::test_12_product_modal_shipping&lt;/td&gt;&#34;, &#34;&lt;td class=\&#34;col-duration\&#34;&gt;00:00:47&lt;/td&gt;&#34;, &#34;&lt;td class=\&#34;col-links\&#34;&gt;&lt;/td&gt;&#34;], &#34;log&#34;: &#34;------------------------------ Captured log setup ------------------------------\nWARNING  selenium.webdriver.common.selenium_manager:selenium_manager.py:127 There was an error managing chromedriver (error sending request for url (https://googlechromelabs.github.io/chrome-for-testing/known-good-versions-with-downloads.json)); using driver found in the cache\n&#34;}], &#34;tests/test_13_product_sold_out.py::test_13_product_sold_out&#34;: [{&#34;extras&#34;: [{&#34;name&#34;: &#34;Image&#34;, &#34;format_type&#34;: &#34;image&#34;, &#34;content&#34;: &#34;screenshots\\test_13_product_sold_out_PASSED_20251030_061545.png&#34;, &#34;mime_type&#34;: &#34;image/png&#34;, &#34;extension&#34;: &#34;png&#34;}], &#34;result&#34;: &#34;Passed&#34;, &#34;testId&#34;: &#34;tests/test_13_product_sold_out.py::test_13_product_sold_out&#34;, &#34;duration&#34;: &#34;00:00:16&#34;, &#34;resultsTableRow&#34;: [&#34;&lt;td class=\&#34;col-result\&#34;&gt;Passed&lt;/td&gt;&#34;, &#34;&lt;td class=\&#34;col-testId\&#34;&gt;tests/test_13_product_sold_out.py::test_13_product_sold_out&lt;/td&gt;&#34;, &#34;&lt;td class=\&#34;col-duration\&#34;&gt;00:00:16&lt;/td&gt;&#34;, &#34;&lt;td class=\&#34;col-links\&#34;&gt;&lt;/td&gt;&#34;], &#34;log&#34;: &#34;------------------------------ Captured log setup ------------------------------\nWARNING  selenium.webdriver.common.selenium_manager:selenium_manager.py:127 There was an error managing chromedriver (error sending request for url (https://googlechromelabs.github.io/chrome-for-testing/known-good-versions-with-downloads.json)); using driver found in the cache\n&#34;}], &#34;tests/test_14_cart_empty_state.py::test_14_cart_empty_state&#34;: [{&#34;extras&#34;: [{&#34;name&#34;: &#34;Image&#34;, &#34;format_type&#34;: &#34;image&#34;, &#34;content&#34;: &#34;screenshots\\test_14_cart_empty_state_PASSED_20251030_061655.png&#34;, &#34;mime_type&#34;: &#34;image/png&#34;, &#34;extension&#34;: &#34;png&#34;}], &#34;result&#34;: &#34;Passed&#34;, &#34;testId&#34;: &#34;tests/test_14_cart_empty_state.py::test_14_cart_empty_state&#34;, &#34;duration&#34;: &#34;00:01:08&#34;, &#34;resultsTableRow&#34;: [&#34;&lt;td class=\&#34;col-result\&#34;&gt;Passed&lt;/td&gt;&#34;, &#34;&lt;td class=\&#34;col-testId\&#34;&gt;tests/test_14_cart_empty_state.py::test_14_cart_empty_state&lt;/td&gt;&#34;, &#34;&lt;td class=\&#34;col-duration\&#34;&gt;00:01:08&lt;/td&gt;&#34;, &#34;&lt;td class=\&#34;col-links\&#34;&gt;&lt;/td&gt;&#34;], &#34;log&#34;: &#34;------------------------------ Captured log setup ------------------------------\nWARNING  selenium.webdriver.common.selenium_manager:selenium_manager.py:127 There was an error managing chromedriver (error sending request for url (https://googlechromelabs.github.io/chrome-for-testing/known-good-versions-with-downloads.json)); using driver found in the cache\n&#34;}], &#34;tests/test_15_product_add_to_cart_success.py::test_15_product_add_to_cart_success&#34;: [{&#34;extras&#34;: [{&#34;name&#34;: &#34;Image&#34;, &#34;format_type&#34;: &#34;image&#34;, &#34;content&#34;: &#34;screenshots\\test_15_product_add_to_cart_success_PASSED_20251030_061816.png&#34;, &#34;mime_type&#34;: &#34;image/png&#34;, &#34;extension&#34;: &#34;png&#34;}], &#34;result&#34;: &#34;Passed&#34;, &#34;testId&#34;: &#34;tests/test_15_product_add_to_cart_success.py::test_15_product_add_to_cart_success&#34;, &#34;duration&#34;: &#34;00:01:15&#34;, &#34;resultsTableRow&#34;: [&#34;&lt;td class=\&#34;col-result\&#34;&gt;Passed&lt;/td&gt;&#34;, &#34;&lt;td class=\&#34;col-testId\&#34;&gt;tests/test_15_product_add_to_cart_success.py::test_15_product_add_to_cart_success&lt;/td&gt;&#34;, &#34;&lt;td class=\&#34;col-duration\&#34;&gt;00:01:15&lt;/td&gt;&#34;, &#34;&lt;td class=\&#34;col-links\&#34;&gt;&lt;/td&gt;&#34;], &#34;log&#34;: &#34;------------------------------ Captured log setup ------------------------------\nWARNING  selenium.webdriver.common.selenium_manager:selenium_manager.py:127 There was an error managing chromedriver (error sending request for url (https://googlechromelabs.github.io/chrome-for-testing/known-good-versions-with-downloads.json)); using driver found in the cache\n&#34;}], &#34;tests/test_16_cart_open_from_header.py::test_16_cart_open_from_header&#34;: [{&#34;extras&#34;: [{&#34;name&#34;: &#34;Image&#34;, &#34;format_type&#34;: &#34;image&#34;, &#34;content&#34;: &#34;screenshots\\test_16_cart_open_from_header_PASSED_20251030_061955.png&#34;, &#34;mime_type&#34;: &#34;image/png&#34;, &#34;extension&#34;: &#34;png&#34;}], &#34;result&#34;: &#34;Passed&#34;, &#34;testId&#34;: &#34;tests/test_16_cart_open_from_header.py::test_16_cart_open_from_header&#34;, &#34;duration&#34;: &#34;00:01:35&#34;, &#34;resultsTableRow&#34;: [&#34;&lt;td class=\&#34;col-result\&#34;&gt;Passed&lt;/td&gt;&#34;, &#34;&lt;td class=\&#34;col-testId\&#34;&gt;tests/test_16_cart_open_from_header.py::test_16_cart_open_from_header&lt;/td&gt;&#34;, &#34;&lt;td class=\&#34;col-duration\&#34;&gt;00:01:35&lt;/td&gt;&#34;, &#34;&lt;td class=\&#34;col-links\&#34;&gt;&lt;/td&gt;&#34;], &#34;log&#34;: &#34;------------------------------ Captured log setup ------------------------------\nWARNING  selenium.webdriver.common.selenium_manager:selenium_manager.py:127 There was an error managing chromedriver (error sending request for url (https://googlechromelabs.github.io/chrome-for-testing/known-good-versions-with-downloads.json)); using driver found in the cache\n&#34;}], &#34;tests/test_17_cart_update_quantity.py::test_17_cart_update_quantity&#34;: [{&#34;extras&#34;: [{&#34;name&#34;: &#34;Image&#34;, &#34;format_type&#34;: &#34;image&#34;, &#34;content&#34;: &#34;screenshots\\test_17_cart_update_quantity_PASSED_20251030_062029.png&#34;, &#34;mime_type&#34;: &#34;image/png&#34;, &#34;extension&#34;: &#34;png&#34;}], &#34;result&#34;: &#34;Passed&#34;, &#34;testId&#34;: &#34;tests/test_17_cart_update_quantity.py::test_17_cart_update_quantity&#34;, &#34;duration&#34;: &#34;00:00:30&#34;, &#34;resultsTableRow&#34;: [&#34;&lt;td class=\&#34;col-result\&#34;&gt;Passed&lt;/td&gt;&#34;, &#34;&lt;td class=\&#34;col-testId\&#34;&gt;tests/test_17_cart_update_quantity.py::test_17_cart_update_quantity&lt;/td&gt;&#34;, &#34;&lt;td class=\&#34;col-duration\&#34;&gt;00:00:30&lt;/td&gt;&#34;, &#34;&lt;td class=\&#34;col-links\&#34;&gt;&lt;/td&gt;&#34;], &#34;log&#34;: &#34;------------------------------ Captured log setup ------------------------------\nWARNING  selenium.webdriver.common.selenium_manager:selenium_manager.py:127 There was an error managing chromedriver (error sending request for url (https://googlechromelabs.github.io/chrome-for-testing/known-good-versions-with-downloads.json)); using driver found in the cache\n&#34;}], &#34;tests/test_18_cart_remove_item.py::test_18_cart_remove_item&#34;: [{&#34;extras&#34;: [{&#34;name&#34;: &#34;Image&#34;, &#34;format_type&#34;: &#34;image&#34;, &#34;content&#34;: &#34;screenshots\\test_18_cart_remove_item_PASSED_20251030_062046.png&#34;, &#34;mime_type&#34;: &#34;image/png&#34;, &#34;extension&#34;: &#34;png&#34;}], &#34;result&#34;: &#34;Passed&#34;, &#34;testId&#34;: &#34;tests/test_18_cart_remove_item.py::test_18_cart_remove_item&#34;, &#34;duration&#34;: &#34;00:00:12&#34;, &#34;resultsTableRow&#34;: [&#34;&lt;td class=\&#34;col-result\&#34;&gt;Passed&lt;/td&gt;&#34;, &#34;&lt;td class=\&#34;col-testId\&#34;&gt;tests/test_18_cart_remove_item.py::test_18_cart_remove_item&lt;/td&gt;&#34;, &#34;&lt;td class=\&#34;col-duration\&#34;&gt;00:00:12&lt;/td&gt;&#34;, &#34;&lt;td class=\&#34;col-links\&#34;&gt;&lt;/td&gt;&#34;], &#34;log&#34;: &#34;No log output captured.&#34;}], &#34;tests/test_19_cart_clear_all.py::test_19_cart_clear_all&#34;: [{&#34;extras&#34;: [{&#34;name&#34;: &#34;Image&#34;, &#34;format_type&#34;: &#34;image&#34;, &#34;content&#34;: &#34;screenshots\\test_19_cart_clear_all_PASSED_20251030_062103.png&#34;, &#34;mime_type&#34;: &#34;image/png&#34;, &#34;extension&#34;: &#34;png&#34;}], &#34;result&#34;: &#34;Passed&#34;, &#34;testId&#34;: &#34;tests/test_19_cart_clear_all.py::test_19_cart_clear_all&#34;, &#34;duration&#34;: &#34;00:00:13&#34;, &#34;resultsTableRow&#34;: [&#34;&lt;td class=\&#34;col-result\&#34;&gt;Passed&lt;/td&gt;&#34;, &#34;&lt;td class=\&#34;col-testId\&#34;&gt;tests/test_19_cart_clear_all.py::test_19_cart_clear_all&lt;/td&gt;&#34;, &#34;&lt;td class=\&#34;col-duration\&#34;&gt;00:00:13&lt;/td&gt;&#34;, &#34;&lt;td class=\&#34;col-links\&#34;&gt;&lt;/td&gt;&#34;], &#34;log&#34;: &#34;No log output captured.&#34;}], &#34;tests/test_20_profile_view_user_info.py::test_20_profile_view_user_info&#34;: [{&#34;extras&#34;: [{&#34;name&#34;: &#34;Image&#34;, &#34;format_type&#34;: &#34;image&#34;, &#34;content&#34;: &#34;screenshots\\test_20_profile_view_user_info_PASSED_20251030_062115.png&#34;, &#34;mime_type&#34;: &#34;image/png&#34;, &#34;extension&#34;: &#34;png&#34;}], &#34;result&#34;: &#34;Passed&#34;, &#34;testId&#34;: &#34;tests/test_20_profile_view_user_info.py::test_20_profile_view_user_info&#34;, &#34;duration&#34;: &#34;00:00:07&#34;, &#34;resultsTableRow&#34;: [&#34;&lt;td class=\&#34;col-result\&#34;&gt;Passed&lt;/td&gt;&#34;, &#34;&lt;td class=\&#34;col-testId\&#34;&gt;tests/test_20_profile_view_user_info.py::test_20_profile_view_user_info&lt;/td&gt;&#34;, &#34;&lt;td class=\&#34;col-duration\&#34;&gt;00:00:07&lt;/td&gt;&#34;, &#34;&lt;td class=\&#34;col-links\&#34;&gt;&lt;/td&gt;&#34;], &#34;log&#34;: &#34;No log output captured.&#34;}], &#34;tests/test_21_profile_edit_mode_toggle.py::test_21_profile_edit_mode_toggle&#34;: [{&#34;extras&#34;: [{&#34;name&#34;: &#34;Image&#34;, &#34;format_type&#34;: &#34;image&#34;, &#34;content&#34;: &#34;screenshots\\test_21_profile_edit_mode_toggle_PASSED_20251030_062127.png&#34;, &#34;mime_type&#34;: &#34;image/png&#34;, &#34;extension&#34;: &#34;png&#34;}], &#34;result&#34;: &#34;Passed&#34;, &#34;testId&#34;: &#34;tests/test_21_profile_edit_mode_toggle.py::test_21_profile_edit_mode_toggle&#34;, &#34;duration&#34;: &#34;00:00:07&#34;, &#34;resultsTableRow&#34;: [&#34;&lt;td class=\&#34;col-result\&#34;&gt;Passed&lt;/td&gt;&#34;, &#34;&lt;td class=\&#34;col-testId\&#34;&gt;tests/test_21_profile_edit_mode_toggle.py::test_21_profile_edit_mode_toggle&lt;/td&gt;&#34;, &#34;&lt;td class=\&#34;col-duration\&#34;&gt;00:00:07&lt;/td&gt;&#34;, &#34;&lt;td class=\&#34;col-links\&#34;&gt;&lt;/td&gt;&#34;], &#34;log&#34;: &#34;No log output captured.&#34;}], &#34;tests/test_22_profile_update_name.py::test_22_profile_update_name&#34;: [{&#34;extras&#34;: [{&#34;name&#34;: &#34;Image&#34;, &#34;format_type&#34;: &#34;image&#34;, &#34;content&#34;: &#34;screenshots\\test_22_profile_update_name_PASSED_20251030_062141.png&#34;, &#34;mime_type&#34;: &#34;image/png&#34;, &#34;extension&#34;: &#34;png&#34;}], &#34;result&#34;: &#34;Passed&#34;, &#34;testId&#34;: &#34;tests/test_22_profile_update_name.py::test_22_profile_update_name&#34;, &#34;duration&#34;: &#34;00:00:10&#34;, &#34;resultsTableRow&#34;: [&#34;&lt;td class=\&#34;col-result\&#34;&gt;Passed&lt;/td&gt;&#34;, &#34;&lt;td class=\&#34;col-testId\&#34;&gt;tests/test_22_profile_update_name.py::test_22_profile_update_name&lt;/td&gt;&#34;, &#34;&lt;td class=\&#34;col-duration\&#34;&gt;00:00:10&lt;/td&gt;&#34;, &#34;&lt;td class=\&#34;col-links\&#34;&gt;&lt;/td&gt;&#34;], &#34;log&#34;: &#34;No log output captured.&#34;}], &#34;tests/test_23_profile_add_address_modal.py::test_23_profile_add_address_modal&#34;: [{&#34;extras&#34;: [{&#34;name&#34;: &#34;Image&#34;, &#34;format_type&#34;: &#34;image&#34;, &#34;content&#34;: &#34;screenshots\\test_23_profile_add_address_modal_PASSED_20251030_062154.png&#34;, &#34;mime_type&#34;: &#34;image/png&#34;, &#34;extension&#34;: &#34;png&#34;}], &#34;result&#34;: &#34;Passed&#34;, &#34;testId&#34;: &#34;tests/test_23_profile_add_address_modal.py::test_23_profile_add_address_modal&#34;, &#34;duration&#34;: &#34;00:00:08&#34;, &#34;resultsTableRow&#34;: [&#34;&lt;td class=\&#34;col-result\&#34;&gt;Passed&lt;/td&gt;&#34;, &#34;&lt;td class=\&#34;col-testId\&#34;&gt;tests/test_23_profile_add_address_modal.py::test_23_profile_add_address_modal&lt;/td&gt;&#34;, &#34;&lt;td class=\&#34;col-duration\&#34;&gt;00:00:08&lt;/td&gt;&#34;, &#34;&lt;td class=\&#34;col-links\&#34;&gt;&lt;/td&gt;&#34;], &#34;log&#34;: &#34;No log output captured.&#34;}], &#34;tests/test_24_profile_logout.py::test_24_profile_logout&#34;: [{&#34;extras&#34;: [{&#34;name&#34;: &#34;Image&#34;, &#34;format_type&#34;: &#34;image&#34;, &#34;content&#34;: &#34;screenshots\\test_24_profile_logout_PASSED_20251030_062207.png&#34;, &#34;mime_type&#34;: &#34;image/png&#34;, &#34;extension&#34;: &#34;png&#34;}], &#34;result&#34;: &#34;Passed&#34;, &#34;testId&#34;: &#34;tests/test_24_profile_logout.py::test_24_profile_logout&#34;, &#34;duration&#34;: &#34;00:00:09&#34;, &#34;resultsTableRow&#34;: [&#34;&lt;td class=\&#34;col-result\&#34;&gt;Passed&lt;/td&gt;&#34;, &#34;&lt;td class=\&#34;col-testId\&#34;&gt;tests/test_24_profile_logout.py::test_24_profile_logout&lt;/td&gt;&#34;, &#34;&lt;td class=\&#34;col-duration\&#34;&gt;00:00:09&lt;/td&gt;&#34;, &#34;&lt;td class=\&#34;col-links\&#34;&gt;&lt;/td&gt;&#34;], &#34;log&#34;: &#34;No log output captured.&#34;}], &#34;tests/test_25_admin_login_success.py::test_25_admin_login_success&#34;: [{&#34;extras&#34;: [{&#34;name&#34;: &#34;Image&#34;, &#34;format_type&#34;: &#34;image&#34;, &#34;content&#34;: &#34;screenshots\\test_25_admin_login_success_PASSED_20251030_062219.png&#34;, &#34;mime_type&#34;: &#34;image/png&#34;, &#34;extension&#34;: &#34;png&#34;}], &#34;result&#34;: &#34;Passed&#34;, &#34;testId&#34;: &#34;tests/test_25_admin_login_success.py::test_25_admin_login_success&#34;, &#34;duration&#34;: &#34;00:00:08&#34;, &#34;resultsTableRow&#34;: [&#34;&lt;td class=\&#34;col-result\&#34;&gt;Passed&lt;/td&gt;&#34;, &#34;&lt;td class=\&#34;col-testId\&#34;&gt;tests/test_25_admin_login_success.py::test_25_admin_login_success&lt;/td&gt;&#34;, &#34;&lt;td class=\&#34;col-duration\&#34;&gt;00:00:08&lt;/td&gt;&#34;, &#34;&lt;td class=\&#34;col-links\&#34;&gt;&lt;/td&gt;&#34;], &#34;log&#34;: &#34;No log output captured.&#34;}], &#34;tests/test_26_admin_login_validation.py::test_26_admin_login_validation&#34;: [{&#34;extras&#34;: [{&#34;name&#34;: &#34;Image&#34;, &#34;format_type&#34;: &#34;image&#34;, &#34;content&#34;: &#34;screenshots\\test_26_admin_login_validation_PASSED_20251030_062231.png&#34;, &#34;mime_type&#34;: &#34;image/png&#34;, &#34;extension&#34;: &#34;png&#34;}], &#34;result&#34;: &#34;Passed&#34;, &#34;testId&#34;: &#34;tests/test_26_admin_login_validation.py::test_26_admin_login_validation&#34;, &#34;duration&#34;: &#34;00:00:08&#34;, &#34;resultsTableRow&#34;: [&#34;&lt;td class=\&#34;col-result\&#34;&gt;Passed&lt;/td&gt;&#34;, &#34;&lt;td class=\&#34;col-testId\&#34;&gt;tests/test_26_admin_login_validation.py::test_26_admin_login_validation&lt;/td&gt;&#34;, &#34;&lt;td class=\&#34;col-duration\&#34;&gt;00:00:08&lt;/td&gt;&#34;, &#34;&lt;td class=\&#34;col-links\&#34;&gt;&lt;/td&gt;&#34;], &#34;log&#34;: &#34;No log output captured.&#34;}], &#34;tests/test_27_admin_view_products.py::test_27_admin_view_products&#34;: [{&#34;extras&#34;: [{&#34;name&#34;: &#34;Image&#34;, &#34;format_type&#34;: &#34;image&#34;, &#34;content&#34;: &#34;screenshots\\test_27_admin_view_products_FAILED_20251030_062248.png&#34;, &#34;mime_type&#34;: &#34;image/png&#34;, &#34;extension&#34;: &#34;png&#34;}], &#34;result&#34;: &#34;Failed&#34;, &#34;testId&#34;: &#34;tests/test_27_admin_view_products.py::test_27_admin_view_products&#34;, &#34;duration&#34;: &#34;00:00:12&#34;, &#34;resultsTableRow&#34;: [&#34;&lt;td class=\&#34;col-result\&#34;&gt;Failed&lt;/td&gt;&#34;, &#34;&lt;td class=\&#34;col-testId\&#34;&gt;tests/test_27_admin_view_products.py::test_27_admin_view_products&lt;/td&gt;&#34;, &#34;&lt;td class=\&#34;col-duration\&#34;&gt;00:00:12&lt;/td&gt;&#34;, &#34;&lt;td class=\&#34;col-links\&#34;&gt;&lt;/td&gt;&#34;], &#34;log&#34;: &#34;actor = User\n\n    def test_27_admin_view_products(actor):\n        &amp;quot;&amp;quot;&amp;quot;\n        Scenario: Admin views products list\n        Given the admin is logged in\n        When the admin clicks on view products\n        Then the products table should be displayed\n        &amp;quot;&amp;quot;&amp;quot;\n        # Given - Login as admin\n        actor.attempts_to(\n            Open.browser_on(&amp;quot;http://localhost:4200/admin-login&amp;quot;),\n            VallmereAdminLoginPage.wait_for_email_field(),\n            VallmereAdminLoginPage.enter_email(&amp;quot;admin@vallmere.com&amp;quot;),\n            VallmereAdminLoginPage.enter_password(&amp;quot;admin123&amp;quot;),\n            VallmereAdminLoginPage.click_login_button()\n        )\n    \n        time.sleep(3.0)  # Wait longer for admin panel to load\n    \n        # When - Click view products (should be selected by default)\n        browser = actor.ability_to(BrowseTheWeb).browser\n        admin_panel_visible = browser.execute_script(&amp;quot;&amp;quot;&amp;quot;\n            return document.querySelector(&amp;#x27;.admin-panel&amp;#x27;) !== null;\n        &amp;quot;&amp;quot;&amp;quot;)\n    \n&amp;gt;       assert admin_panel_visible, &amp;quot;Admin panel should be visible after login&amp;quot;\nE       AssertionError: Admin panel should be visible after login\nE       assert False\n\ntests\\test_27_admin_view_products.py:36: AssertionError\n&#34;}], &#34;tests/test_28_admin_search_products.py::test_28_admin_search_products&#34;: [{&#34;extras&#34;: [{&#34;name&#34;: &#34;Image&#34;, &#34;format_type&#34;: &#34;image&#34;, &#34;content&#34;: &#34;screenshots\\test_28_admin_search_products_PASSED_20251030_062303.png&#34;, &#34;mime_type&#34;: &#34;image/png&#34;, &#34;extension&#34;: &#34;png&#34;}], &#34;result&#34;: &#34;Passed&#34;, &#34;testId&#34;: &#34;tests/test_28_admin_search_products.py::test_28_admin_search_products&#34;, &#34;duration&#34;: &#34;00:00:15&#34;, &#34;resultsTableRow&#34;: [&#34;&lt;td class=\&#34;col-result\&#34;&gt;Passed&lt;/td&gt;&#34;, &#34;&lt;td class=\&#34;col-testId\&#34;&gt;tests/test_28_admin_search_products.py::test_28_admin_search_products&lt;/td&gt;&#34;, &#34;&lt;td class=\&#34;col-duration\&#34;&gt;00:00:15&lt;/td&gt;&#34;, &#34;&lt;td class=\&#34;col-links\&#34;&gt;&lt;/td&gt;&#34;], &#34;log&#34;: &#34;No log output captured.&#34;}], &#34;tests/test_29_admin_navigate_add_product.py::test_29_admin_navigate_add_product&#34;: [{&#34;extras&#34;: [{&#34;name&#34;: &#34;Image&#34;, &#34;format_type&#34;: &#34;image&#34;, &#34;content&#34;: &#34;screenshots\\test_29_admin_navigate_add_product_PASSED_20251030_062316.png&#34;, &#34;mime_type&#34;: &#34;image/png&#34;, &#34;extension&#34;: &#34;png&#34;}], &#34;result&#34;: &#34;Passed&#34;, &#34;testId&#34;: &#34;tests/test_29_admin_navigate_add_product.py::test_29_admin_navigate_add_product&#34;, &#34;duration&#34;: &#34;00:00:09&#34;, &#34;resultsTableRow&#34;: [&#34;&lt;td class=\&#34;col-result\&#34;&gt;Passed&lt;/td&gt;&#34;, &#34;&lt;td class=\&#34;col-testId\&#34;&gt;tests/test_29_admin_navigate_add_product.py::test_29_admin_navigate_add_product&lt;/td&gt;&#34;, &#34;&lt;td class=\&#34;col-duration\&#34;&gt;00:00:09&lt;/td&gt;&#34;, &#34;&lt;td class=\&#34;col-links\&#34;&gt;&lt;/td&gt;&#34;], &#34;log&#34;: &#34;No log output captured.&#34;}], &#34;tests/test_30_admin_add_product_validation.py::test_30_admin_add_product_validation&#34;: [{&#34;extras&#34;: [{&#34;name&#34;: &#34;Image&#34;, &#34;format_type&#34;: &#34;image&#34;, &#34;content&#34;: &#34;screenshots\\test_30_admin_add_product_validation_FAILED_20251030_062352.png&#34;, &#34;mime_type&#34;: &#34;image/png&#34;, &#34;extension&#34;: &#34;png&#34;}], &#34;result&#34;: &#34;Failed&#34;, &#34;testId&#34;: &#34;tests/test_30_admin_add_product_validation.py::test_30_admin_add_product_validation&#34;, &#34;duration&#34;: &#34;00:00:28&#34;, &#34;resultsTableRow&#34;: [&#34;&lt;td class=\&#34;col-result\&#34;&gt;Failed&lt;/td&gt;&#34;, &#34;&lt;td class=\&#34;col-testId\&#34;&gt;tests/test_30_admin_add_product_validation.py::test_30_admin_add_product_validation&lt;/td&gt;&#34;, &#34;&lt;td class=\&#34;col-duration\&#34;&gt;00:00:28&lt;/td&gt;&#34;, &#34;&lt;td class=\&#34;col-links\&#34;&gt;&lt;/td&gt;&#34;], &#34;log&#34;: &#34;self = &amp;lt;screenpy_selenium.actions.wait.Wait object at 0x0000021E0462A290&amp;gt;, the_actor = User\n\n    @beat(&amp;quot;{} waits up to {timeout} seconds {log_message}&amp;quot;)\n    def perform_as(self: SelfWait, the_actor: Actor) -&amp;gt; None:\n        &amp;quot;&amp;quot;&amp;quot;Direct the Actor to wait for the condition to be satisfied.&amp;quot;&amp;quot;&amp;quot;\n        browser = the_actor.ability_to(BrowseTheWeb).browser\n    \n        try:\n&amp;gt;           WebDriverWait(browser, self.timeout).until(self.condition(*self.args))\n\n..\\..\\..\\..\\..\\AppData\\Local\\Programs\\Python\\Python311\\Lib\\site-packages\\screenpy_selenium\\actions\\wait.py:138: \n_ _ _ _ _ _ _ _ _ _ _ _ _ _ _ _ _ _ _ _ _ _ _ _ _ _ _ _ _ _ _ _ _ _ _ _ _ _ _ _ _ _ _ _ _ _ _ _ _ _ _ _ _ _ _ _ _ _ _ _ _ _ _ _ _ _ _ _ _ _ _ _ _ _ _\n\nself = &amp;lt;selenium.webdriver.support.wait.WebDriverWait (session=&amp;quot;a744cde997a2c2020f51621ef491fc27&amp;quot;)&amp;gt;\nmethod = &amp;lt;function visibility_of_element_located.&amp;lt;locals&amp;gt;._predicate at 0x0000021E046780E0&amp;gt;, message = &amp;#x27;&amp;#x27;\n\n    def until(self, method: Callable[[D], Union[Literal[False], T]], message: str = &amp;quot;&amp;quot;) -&amp;gt; T:\n        &amp;quot;&amp;quot;&amp;quot;Calls the method provided with the driver as an argument until the \\\n        return value does not evaluate to ``False``.\n    \n        :param method: callable(WebDriver)\n        :param message: optional message for :exc:`TimeoutException`\n        :returns: the result of the last call to `method`\n        :raises: :exc:`selenium.common.exceptions.TimeoutException` if timeout occurs\n        &amp;quot;&amp;quot;&amp;quot;\n        screen = None\n        stacktrace = None\n    \n        end_time = time.monotonic() + self._timeout\n        while True:\n            try:\n                value = method(self._driver)\n                if value:\n                    return value\n            except self._ignored_exceptions as exc:\n                screen = getattr(exc, &amp;quot;screen&amp;quot;, None)\n                stacktrace = getattr(exc, &amp;quot;stacktrace&amp;quot;, None)\n            time.sleep(self._poll)\n            if time.monotonic() &amp;gt; end_time:\n                break\n&amp;gt;       raise TimeoutException(message, screen, stacktrace)\nE       selenium.common.exceptions.TimeoutException: Message: \nE       Stacktrace:\nE       \tGetHandleVerifier [0x0x7ff6f843e8e5+80021]\nE       \tGetHandleVerifier [0x0x7ff6f843e940+80112]\nE       \t(No symbol) [0x0x7ff6f81c060f]\nE       \t(No symbol) [0x0x7ff6f8218854]\nE       \t(No symbol) [0x0x7ff6f8218b1c]\nE       \t(No symbol) [0x0x7ff6f826c927]\nE       \t(No symbol) [0x0x7ff6f824126f]\nE       \t(No symbol) [0x0x7ff6f826968a]\nE       \t(No symbol) [0x0x7ff6f8241003]\nE       \t(No symbol) [0x0x7ff6f82095d1]\nE       \t(No symbol) [0x0x7ff6f820a3f3]\nE       \tGetHandleVerifier [0x0x7ff6f86fdc7d+2960429]\nE       \tGetHandleVerifier [0x0x7ff6f86f7f3a+2936554]\nE       \tGetHandleVerifier [0x0x7ff6f8718977+3070247]\nE       \tGetHandleVerifier [0x0x7ff6f84583ce+185214]\nE       \tGetHandleVerifier [0x0x7ff6f845fe1f+216527]\nE       \tGetHandleVerifier [0x0x7ff6f8447b24+117460]\nE       \tGetHandleVerifier [0x0x7ff6f8447cdf+117903]\nE       \tGetHandleVerifier [0x0x7ff6f842dbb8+11112]\nE       \tBaseThreadInitThunk [0x0x7ffbb3b3e8d7+23]\nE       \tRtlUserThreadStart [0x0x7ffbb444c53c+44]\n\n..\\..\\..\\..\\..\\AppData\\Local\\Programs\\Python\\Python311\\Lib\\site-packages\\selenium\\webdriver\\support\\wait.py:105: TimeoutException\n\nThe above exception was the direct cause of the following exception:\n\nactor = User\n\n    def test_30_admin_add_product_validation(actor):\n        &amp;quot;&amp;quot;&amp;quot;\n        Scenario: Admin submits empty product form\n        Given the admin is on add product form\n        When the admin clicks submit without filling fields\n        Then validation errors should be displayed\n        &amp;quot;&amp;quot;&amp;quot;\n        # Given - Login and navigate to add product\n        actor.attempts_to(\n            Open.browser_on(&amp;quot;http://localhost:4200/admin-login&amp;quot;),\n            VallmereAdminLoginPage.wait_for_email_field(),\n            VallmereAdminLoginPage.enter_email(&amp;quot;admin@vallmere.com&amp;quot;),\n            VallmereAdminLoginPage.enter_password(&amp;quot;admin123&amp;quot;),\n            VallmereAdminLoginPage.click_login_button()\n        )\n    \n        time.sleep(2.0)\n    \n&amp;gt;       actor.attempts_to(\n            VallmereAdminPage.wait_for_admin_panel(),\n            VallmereAdminPage.click_add_product()\n        )\n\ntests\\test_30_admin_add_product_validation.py:30: \n_ _ _ _ _ _ _ _ _ _ _ _ _ _ _ _ _ _ _ _ _ _ _ _ _ _ _ _ _ _ _ _ _ _ _ _ _ _ _ _ _ _ _ _ _ _ _ _ _ _ _ _ _ _ _ _ _ _ _ _ _ _ _ _ _ _ _ _ _ _ _ _ _ _ _\n..\\..\\..\\..\\..\\AppData\\Local\\Programs\\Python\\Python311\\Lib\\site-packages\\screenpy\\actor.py:151: in attempts_to\n    self.perform(action)\n..\\..\\..\\..\\..\\AppData\\Local\\Programs\\Python\\Python311\\Lib\\site-packages\\screenpy\\actor.py:159: in perform\n    action.perform_as(self)\n..\\..\\..\\..\\..\\AppData\\Local\\Programs\\Python\\Python311\\Lib\\site-packages\\screenpy\\pacing.py:116: in wrapper\n    retval = n_func(*args, **kwargs)\n_ _ _ _ _ _ _ _ _ _ _ _ _ _ _ _ _ _ _ _ _ _ _ _ _ _ _ _ _ _ _ _ _ _ _ _ _ _ _ _ _ _ _ _ _ _ _ _ _ _ _ _ _ _ _ _ _ _ _ _ _ _ _ _ _ _ _ _ _ _ _ _ _ _ _\n\nself = &amp;lt;screenpy_selenium.actions.wait.Wait object at 0x0000021E0462A290&amp;gt;, the_actor = User\n\n    @beat(&amp;quot;{} waits up to {timeout} seconds {log_message}&amp;quot;)\n    def perform_as(self: SelfWait, the_actor: Actor) -&amp;gt; None:\n        &amp;quot;&amp;quot;&amp;quot;Direct the Actor to wait for the condition to be satisfied.&amp;quot;&amp;quot;&amp;quot;\n        browser = the_actor.ability_to(BrowseTheWeb).browser\n    \n        try:\n            WebDriverWait(browser, self.timeout).until(self.condition(*self.args))\n        except WebDriverException as e:\n            msg = (\n                f&amp;quot;Encountered an exception using {self.condition.__name__} with &amp;quot;\n                f&amp;quot;[{&amp;#x27;, &amp;#x27;.join(map(str, self.args))}]: {e.__class__.__name__}&amp;quot;\n            )\n&amp;gt;           raise DeliveryError(msg) from e\nE           screenpy.exceptions.DeliveryError: Encountered an exception using visibility_of_element_located with [admin panel]: TimeoutException\n\n..\\..\\..\\..\\..\\AppData\\Local\\Programs\\Python\\Python311\\Lib\\site-packages\\screenpy_selenium\\actions\\wait.py:144: DeliveryError\n\n------------------------------ Captured log call -------------------------------\nERROR    screenpy:stdout_adapter.py:50     ***ERROR***\n\nDeliveryError: Encountered an exception using visibility_of_element_located with [admin panel]: TimeoutException\n\n&#34;}], &#34;tests/test_31_admin_edit_product.py::test_31_admin_edit_product&#34;: [{&#34;extras&#34;: [{&#34;name&#34;: &#34;Image&#34;, &#34;format_type&#34;: &#34;image&#34;, &#34;content&#34;: &#34;screenshots\\test_31_admin_edit_product_PASSED_20251030_062407.png&#34;, &#34;mime_type&#34;: &#34;image/png&#34;, &#34;extension&#34;: &#34;png&#34;}], &#34;result&#34;: &#34;Passed&#34;, &#34;testId&#34;: &#34;tests/test_31_admin_edit_product.py::test_31_admin_edit_product&#34;, &#34;duration&#34;: &#34;00:00:16&#34;, &#34;resultsTableRow&#34;: [&#34;&lt;td class=\&#34;col-result\&#34;&gt;Passed&lt;/td&gt;&#34;, &#34;&lt;td class=\&#34;col-testId\&#34;&gt;tests/test_31_admin_edit_product.py::test_31_admin_edit_product&lt;/td&gt;&#34;, &#34;&lt;td class=\&#34;col-duration\&#34;&gt;00:00:16&lt;/td&gt;&#34;, &#34;&lt;td class=\&#34;col-links\&#34;&gt;&lt;/td&gt;&#34;], &#34;log&#34;: &#34;No log output captured.&#34;}], &#34;tests/test_32_admin_delete_product.py::test_32_admin_delete_product&#34;: [{&#34;extras&#34;: [{&#34;name&#34;: &#34;Image&#34;, &#34;format_type&#34;: &#34;image&#34;, &#34;content&#34;: &#34;screenshots\\test_32_admin_delete_product_FAILED_20251030_062426.png&#34;, &#34;mime_type&#34;: &#34;image/png&#34;, &#34;extension&#34;: &#34;png&#34;}], &#34;result&#34;: &#34;Failed&#34;, &#34;testId&#34;: &#34;tests/test_32_admin_delete_product.py::test_32_admin_delete_product&#34;, &#34;duration&#34;: &#34;00:00:12&#34;, &#34;resultsTableRow&#34;: [&#34;&lt;td class=\&#34;col-result\&#34;&gt;Failed&lt;/td&gt;&#34;, &#34;&lt;td class=\&#34;col-testId\&#34;&gt;tests/test_32_admin_delete_product.py::test_32_admin_delete_product&lt;/td&gt;&#34;, &#34;&lt;td class=\&#34;col-duration\&#34;&gt;00:00:12&lt;/td&gt;&#34;, &#34;&lt;td class=\&#34;col-links\&#34;&gt;&lt;/td&gt;&#34;], &#34;log&#34;: &#34;actor = User\n\n    def test_32_admin_delete_product(actor):\n        &amp;quot;&amp;quot;&amp;quot;\n        Scenario: Admin deletes a product\n        Given the admin is viewing products list\n        When the admin clicks delete on first product\n        Then the product should be deleted\n        &amp;quot;&amp;quot;&amp;quot;\n        # Given - Login and view products\n        actor.attempts_to(\n            Open.browser_on(&amp;quot;http://localhost:4200/admin-login&amp;quot;),\n            VallmereAdminLoginPage.wait_for_email_field(),\n            VallmereAdminLoginPage.enter_email(&amp;quot;admin@vallmere.com&amp;quot;),\n            VallmereAdminLoginPage.enter_password(&amp;quot;admin123&amp;quot;),\n            VallmereAdminLoginPage.click_login_button()\n        )\n    \n        time.sleep(3.0)  # Wait longer for admin login\n    \n        browser = actor.ability_to(BrowseTheWeb).browser\n    \n        actor.attempts_to(\n            VallmereAdminPage.click_view_products()\n        )\n    \n        time.sleep(1.5)\n    \n        # When - Click delete on first product\n        actor.attempts_to(\n            VallmereAdminPage.click_delete_first(),\n            VallmereAdminPage.accept_confirmation()\n        )\n    \n        time.sleep(2.0)\n    \n        # Then - Verify we&amp;#x27;re still in admin panel (table should be visible)\n        table_visible = browser.execute_script(&amp;quot;&amp;quot;&amp;quot;\n            return document.querySelector(&amp;#x27;.admin-table-container&amp;#x27;) !== null;\n        &amp;quot;&amp;quot;&amp;quot;)\n    \n&amp;gt;       assert table_visible, &amp;quot;Admin table should still be visible after delete&amp;quot;\nE       AssertionError: Admin table should still be visible after delete\nE       assert False\n\ntests\\test_32_admin_delete_product.py:51: AssertionError\n&#34;}], &#34;tests/test_33_admin_logout.py::test_33_admin_logout&#34;: [{&#34;extras&#34;: [{&#34;name&#34;: &#34;Image&#34;, &#34;format_type&#34;: &#34;image&#34;, &#34;content&#34;: &#34;screenshots\\test_33_admin_logout_PASSED_20251030_062435.png&#34;, &#34;mime_type&#34;: &#34;image/png&#34;, &#34;extension&#34;: &#34;png&#34;}], &#34;result&#34;: &#34;Passed&#34;, &#34;testId&#34;: &#34;tests/test_33_admin_logout.py::test_33_admin_logout&#34;, &#34;duration&#34;: &#34;00:00:09&#34;, &#34;resultsTableRow&#34;: [&#34;&lt;td class=\&#34;col-result\&#34;&gt;Passed&lt;/td&gt;&#34;, &#34;&lt;td class=\&#34;col-testId\&#34;&gt;tests/test_33_admin_logout.py::test_33_admin_logout&lt;/td&gt;&#34;, &#34;&lt;td class=\&#34;col-duration\&#34;&gt;00:00:09&lt;/td&gt;&#34;, &#34;&lt;td class=\&#34;col-links\&#34;&gt;&lt;/td&gt;&#34;], &#34;log&#34;: &#34;No log output captured.&#34;}], &#34;tests/test_34_header_search_products.py::test_34_header_search_products&#34;: [{&#34;extras&#34;: [{&#34;name&#34;: &#34;Image&#34;, &#34;format_type&#34;: &#34;image&#34;, &#34;content&#34;: &#34;screenshots\\test_34_header_search_products_PASSED_20251030_062447.png&#34;, &#34;mime_type&#34;: &#34;image/png&#34;, &#34;extension&#34;: &#34;png&#34;}], &#34;result&#34;: &#34;Passed&#34;, &#34;testId&#34;: &#34;tests/test_34_header_search_products.py::test_34_header_search_products&#34;, &#34;duration&#34;: &#34;00:00:08&#34;, &#34;resultsTableRow&#34;: [&#34;&lt;td class=\&#34;col-result\&#34;&gt;Passed&lt;/td&gt;&#34;, &#34;&lt;td class=\&#34;col-testId\&#34;&gt;tests/test_34_header_search_products.py::test_34_header_search_products&lt;/td&gt;&#34;, &#34;&lt;td class=\&#34;col-duration\&#34;&gt;00:00:08&lt;/td&gt;&#34;, &#34;&lt;td class=\&#34;col-links\&#34;&gt;&lt;/td&gt;&#34;], &#34;log&#34;: &#34;No log output captured.&#34;}], &#34;tests/test_35_header_click_search_result.py::test_35_header_click_search_result&#34;: [{&#34;extras&#34;: [{&#34;name&#34;: &#34;Image&#34;, &#34;format_type&#34;: &#34;image&#34;, &#34;content&#34;: &#34;screenshots\\test_35_header_click_search_result_PASSED_20251030_062500.png&#34;, &#34;mime_type&#34;: &#34;image/png&#34;, &#34;extension&#34;: &#34;png&#34;}], &#34;result&#34;: &#34;Passed&#34;, &#34;testId&#34;: &#34;tests/test_35_header_click_search_result.py::test_35_header_click_search_result&#34;, &#34;duration&#34;: &#34;00:00:09&#34;, &#34;resultsTableRow&#34;: [&#34;&lt;td class=\&#34;col-result\&#34;&gt;Passed&lt;/td&gt;&#34;, &#34;&lt;td class=\&#34;col-testId\&#34;&gt;tests/test_35_header_click_search_result.py::test_35_header_click_search_result&lt;/td&gt;&#34;, &#34;&lt;td class=\&#34;col-duration\&#34;&gt;00:00:09&lt;/td&gt;&#34;, &#34;&lt;td class=\&#34;col-links\&#34;&gt;&lt;/td&gt;&#34;], &#34;log&#34;: &#34;No log output captured.&#34;}], &#34;tests/test_36_navigation_back_to_home.py::test_36_navigation_back_to_home&#34;: [{&#34;extras&#34;: [{&#34;name&#34;: &#34;Image&#34;, &#34;format_type&#34;: &#34;image&#34;, &#34;content&#34;: &#34;screenshots\\test_36_navigation_back_to_home_PASSED_20251030_062513.png&#34;, &#34;mime_type&#34;: &#34;image/png&#34;, &#34;extension&#34;: &#34;png&#34;}], &#34;result&#34;: &#34;Passed&#34;, &#34;testId&#34;: &#34;tests/test_36_navigation_back_to_home.py::test_36_navigation_back_to_home&#34;, &#34;duration&#34;: &#34;00:00:08&#34;, &#34;resultsTableRow&#34;: [&#34;&lt;td class=\&#34;col-result\&#34;&gt;Passed&lt;/td&gt;&#34;, &#34;&lt;td class=\&#34;col-testId\&#34;&gt;tests/test_36_navigation_back_to_home.py::test_36_navigation_back_to_home&lt;/td&gt;&#34;, &#34;&lt;td class=\&#34;col-duration\&#34;&gt;00:00:08&lt;/td&gt;&#34;, &#34;&lt;td class=\&#34;col-links\&#34;&gt;&lt;/td&gt;&#34;], &#34;log&#34;: &#34;No log output captured.&#34;}], &#34;tests/test_37_guards_unauthorized_admin.py::test_37_guards_unauthorized_admin&#34;: [{&#34;extras&#34;: [{&#34;name&#34;: &#34;Image&#34;, &#34;format_type&#34;: &#34;image&#34;, &#34;content&#34;: &#34;screenshots\\test_37_guards_unauthorized_admin_PASSED_20251030_062524.png&#34;, &#34;mime_type&#34;: &#34;image/png&#34;, &#34;extension&#34;: &#34;png&#34;}], &#34;result&#34;: &#34;Passed&#34;, &#34;testId&#34;: &#34;tests/test_37_guards_unauthorized_admin.py::test_37_guards_unauthorized_admin&#34;, &#34;duration&#34;: &#34;00:00:07&#34;, &#34;resultsTableRow&#34;: [&#34;&lt;td class=\&#34;col-result\&#34;&gt;Passed&lt;/td&gt;&#34;, &#34;&lt;td class=\&#34;col-testId\&#34;&gt;tests/test_37_guards_unauthorized_admin.py::test_37_guards_unauthorized_admin&lt;/td&gt;&#34;, &#34;&lt;td class=\&#34;col-duration\&#34;&gt;00:00:07&lt;/td&gt;&#34;, &#34;&lt;td class=\&#34;col-links\&#34;&gt;&lt;/td&gt;&#34;], &#34;log&#34;: &#34;No log output captured.&#34;}], &#34;tests/test_38_guards_unauthorized_profile.py::test_38_guards_unauthorized_profile&#34;: [{&#34;extras&#34;: [{&#34;name&#34;: &#34;Image&#34;, &#34;format_type&#34;: &#34;image&#34;, &#34;content&#34;: &#34;screenshots\\test_38_guards_unauthorized_profile_PASSED_20251030_062534.png&#34;, &#34;mime_type&#34;: &#34;image/png&#34;, &#34;extension&#34;: &#34;png&#34;}], &#34;result&#34;: &#34;Passed&#34;, &#34;testId&#34;: &#34;tests/test_38_guards_unauthorized_profile.py::test_38_guards_unauthorized_profile&#34;, &#34;duration&#34;: &#34;00:00:07&#34;, &#34;resultsTableRow&#34;: [&#34;&lt;td class=\&#34;col-result\&#34;&gt;Passed&lt;/td&gt;&#34;, &#34;&lt;td class=\&#34;col-testId\&#34;&gt;tests/test_38_guards_unauthorized_profile.py::test_38_guards_unauthorized_profile&lt;/td&gt;&#34;, &#34;&lt;td class=\&#34;col-duration\&#34;&gt;00:00:07&lt;/td&gt;&#34;, &#34;&lt;td class=\&#34;col-links\&#34;&gt;&lt;/td&gt;&#34;], &#34;log&#34;: &#34;No log output captured.&#34;}], &#34;tests/test_39_category_filter_products.py::test_39_category_filter_products&#34;: [{&#34;extras&#34;: [{&#34;name&#34;: &#34;Image&#34;, &#34;format_type&#34;: &#34;image&#34;, &#34;content&#34;: &#34;screenshots\\test_39_category_filter_products_PASSED_20251030_062551.png&#34;, &#34;mime_type&#34;: &#34;image/png&#34;, &#34;extension&#34;: &#34;png&#34;}], &#34;result&#34;: &#34;Passed&#34;, &#34;testId&#34;: &#34;tests/test_39_category_filter_products.py::test_39_category_filter_products&#34;, &#34;duration&#34;: &#34;00:00:12&#34;, &#34;resultsTableRow&#34;: [&#34;&lt;td class=\&#34;col-result\&#34;&gt;Passed&lt;/td&gt;&#34;, &#34;&lt;td class=\&#34;col-testId\&#34;&gt;tests/test_39_category_filter_products.py::test_39_category_filter_products&lt;/td&gt;&#34;, &#34;&lt;td class=\&#34;col-duration\&#34;&gt;00:00:12&lt;/td&gt;&#34;, &#34;&lt;td class=\&#34;col-links\&#34;&gt;&lt;/td&gt;&#34;], &#34;log&#34;: &#34;No log output captured.&#34;}], &#34;tests/test_40_signup_validation_invalid_email.py::test_40_signup_validation_invalid_email&#34;: [{&#34;extras&#34;: [{&#34;name&#34;: &#34;Image&#34;, &#34;format_type&#34;: &#34;image&#34;, &#34;content&#34;: &#34;screenshots\\test_40_signup_validation_invalid_email_PASSED_20251030_062604.png&#34;, &#34;mime_type&#34;: &#34;image/png&#34;, &#34;extension&#34;: &#34;png&#34;}], &#34;result&#34;: &#34;Passed&#34;, &#34;testId&#34;: &#34;tests/test_40_signup_validation_invalid_email.py::test_40_signup_validation_invalid_email&#34;, &#34;duration&#34;: &#34;00:00:08&#34;, &#34;resultsTableRow&#34;: [&#34;&lt;td class=\&#34;col-result\&#34;&gt;Passed&lt;/td&gt;&#34;, &#34;&lt;td class=\&#34;col-testId\&#34;&gt;tests/test_40_signup_validation_invalid_email.py::test_40_signup_validation_invalid_email&lt;/td&gt;&#34;, &#34;&lt;td class=\&#34;col-duration\&#34;&gt;00:00:08&lt;/td&gt;&#34;, &#34;&lt;td class=\&#34;col-links\&#34;&gt;&lt;/td&gt;&#34;], &#34;log&#34;: &#34;No log output captured.&#34;}], &#34;tests/test_41_multiple_products_to_cart.py::test_41_multiple_products_to_cart&#34;: [{&#34;extras&#34;: [{&#34;name&#34;: &#34;Image&#34;, &#34;format_type&#34;: &#34;image&#34;, &#34;content&#34;: &#34;screenshots\\test_41_multiple_products_to_cart_PASSED_20251030_062620.png&#34;, &#34;mime_type&#34;: &#34;image/png&#34;, &#34;extension&#34;: &#34;png&#34;}], &#34;result&#34;: &#34;Passed&#34;, &#34;testId&#34;: &#34;tests/test_41_multiple_products_to_cart.py::test_41_multiple_products_to_cart&#34;, &#34;duration&#34;: &#34;00:00:12&#34;, &#34;resultsTableRow&#34;: [&#34;&lt;td class=\&#34;col-result\&#34;&gt;Passed&lt;/td&gt;&#34;, &#34;&lt;td class=\&#34;col-testId\&#34;&gt;tests/test_41_multiple_products_to_cart.py::test_41_multiple_products_to_cart&lt;/td&gt;&#34;, &#34;&lt;td class=\&#34;col-duration\&#34;&gt;00:00:12&lt;/td&gt;&#34;, &#34;&lt;td class=\&#34;col-links\&#34;&gt;&lt;/td&gt;&#34;], &#34;log&#34;: &#34;No log output captured.&#34;}], &#34;tests/test_42_product_navigation_sequence.py::test_42_product_navigation_sequence&#34;: [{&#34;extras&#34;: [{&#34;name&#34;: &#34;Image&#34;, &#34;format_type&#34;: &#34;image&#34;, &#34;content&#34;: &#34;screenshots\\test_42_product_navigation_sequence_PASSED_20251030_062637.png&#34;, &#34;mime_type&#34;: &#34;image/png&#34;, &#34;extension&#34;: &#34;png&#34;}], &#34;result&#34;: &#34;Passed&#34;, &#34;testId&#34;: &#34;tests/test_42_product_navigation_sequence.py::test_42_product_navigation_sequence&#34;, &#34;duration&#34;: &#34;00:00:15&#34;, &#34;resultsTableRow&#34;: [&#34;&lt;td class=\&#34;col-result\&#34;&gt;Passed&lt;/td&gt;&#34;, &#34;&lt;td class=\&#34;col-testId\&#34;&gt;tests/test_42_product_navigation_sequence.py::test_42_product_navigation_sequence&lt;/td&gt;&#34;, &#34;&lt;td class=\&#34;col-duration\&#34;&gt;00:00:15&lt;/td&gt;&#34;, &#34;&lt;td class=\&#34;col-links\&#34;&gt;&lt;/td&gt;&#34;], &#34;log&#34;: &#34;No log output captured.&#34;}], &#34;tests/test_43_login_after_failed_attempt.py::test_43_login_after_failed_attempt&#34;: [{&#34;extras&#34;: [{&#34;name&#34;: &#34;Image&#34;, &#34;format_type&#34;: &#34;image&#34;, &#34;content&#34;: &#34;screenshots\\test_43_login_after_failed_attempt_PASSED_20251030_062654.png&#34;, &#34;mime_type&#34;: &#34;image/png&#34;, &#34;extension&#34;: &#34;png&#34;}], &#34;result&#34;: &#34;Passed&#34;, &#34;testId&#34;: &#34;tests/test_43_login_after_failed_attempt.py::test_43_login_after_failed_attempt&#34;, &#34;duration&#34;: &#34;00:00:10&#34;, &#34;resultsTableRow&#34;: [&#34;&lt;td class=\&#34;col-result\&#34;&gt;Passed&lt;/td&gt;&#34;, &#34;&lt;td class=\&#34;col-testId\&#34;&gt;tests/test_43_login_after_failed_attempt.py::test_43_login_after_failed_attempt&lt;/td&gt;&#34;, &#34;&lt;td class=\&#34;col-duration\&#34;&gt;00:00:10&lt;/td&gt;&#34;, &#34;&lt;td class=\&#34;col-links\&#34;&gt;&lt;/td&gt;&#34;], &#34;log&#34;: &#34;No log output captured.&#34;}], &#34;tests/test_44_cart_persistence_after_logout.py::test_44_cart_persistence_after_logout&#34;: [{&#34;extras&#34;: [{&#34;name&#34;: &#34;Image&#34;, &#34;format_type&#34;: &#34;image&#34;, &#34;content&#34;: &#34;screenshots\\test_44_cart_persistence_after_logout_PASSED_20251030_062712.png&#34;, &#34;mime_type&#34;: &#34;image/png&#34;, &#34;extension&#34;: &#34;png&#34;}], &#34;result&#34;: &#34;Passed&#34;, &#34;testId&#34;: &#34;tests/test_44_cart_persistence_after_logout.py::test_44_cart_persistence_after_logout&#34;, &#34;duration&#34;: &#34;00:00:14&#34;, &#34;resultsTableRow&#34;: [&#34;&lt;td class=\&#34;col-result\&#34;&gt;Passed&lt;/td&gt;&#34;, &#34;&lt;td class=\&#34;col-testId\&#34;&gt;tests/test_44_cart_persistence_after_logout.py::test_44_cart_persistence_after_logout&lt;/td&gt;&#34;, &#34;&lt;td class=\&#34;col-duration\&#34;&gt;00:00:14&lt;/td&gt;&#34;, &#34;&lt;td class=\&#34;col-links\&#34;&gt;&lt;/td&gt;&#34;], &#34;log&#34;: &#34;No log output captured.&#34;}]}, &#34;renderCollapsed&#34;: [&#34;passed&#34;], &#34;initialSort&#34;: &#34;result&#34;, &#34;title&#34;: &#34;report.html&#34;}"></div>
    <script>
      (function(){function r(e,n,t){function o(i,f){if(!n[i]){if(!e[i]){var c="function"==typeof require&&require;if(!f&&c)return c(i,!0);if(u)return u(i,!0);var a=new Error("Cannot find module '"+i+"'");throw a.code="MODULE_NOT_FOUND",a}var p=n[i]={exports:{}};e[i][0].call(p.exports,function(r){var n=e[i][1][r];return o(n||r)},p,p.exports,r,e,n,t)}return n[i].exports}for(var u="function"==typeof require&&require,i=0;i<t.length;i++)o(t[i]);return o}return r})()({1:[function(require,module,exports){
const { getCollapsedCategory, setCollapsedIds } = require('./storage.js')

class DataManager {
    setManager(data) {
        const collapsedCategories = [...getCollapsedCategory(data.renderCollapsed)]
        const collapsedIds = []
        const tests = Object.values(data.tests).flat().map((test, index) => {
            const collapsed = collapsedCategories.includes(test.result.toLowerCase())
            const id = `test_${index}`
            if (collapsed) {
                collapsedIds.push(id)
            }
            return {
                ...test,
                id,
                collapsed,
            }
        })
        const dataBlob = { ...data, tests }
        this.data = { ...dataBlob }
        this.renderData = { ...dataBlob }
        setCollapsedIds(collapsedIds)
    }

    get allData() {
        return { ...this.data }
    }

    resetRender() {
        this.renderData = { ...this.data }
    }

    setRender(data) {
        this.renderData.tests = [...data]
    }

    toggleCollapsedItem(id) {
        this.renderData.tests = this.renderData.tests.map((test) =>
            test.id === id ? { ...test, collapsed: !test.collapsed } : test,
        )
    }

    set allCollapsed(collapsed) {
        this.renderData = { ...this.renderData, tests: [...this.renderData.tests.map((test) => (
            { ...test, collapsed }
        ))] }
    }

    get testSubset() {
        return [...this.renderData.tests]
    }

    get environment() {
        return this.renderData.environment
    }

    get initialSort() {
        return this.data.initialSort
    }
}

module.exports = {
    manager: new DataManager(),
}

},{"./storage.js":8}],2:[function(require,module,exports){
const mediaViewer = require('./mediaviewer.js')
const templateEnvRow = document.getElementById('template_environment_row')
const templateResult = document.getElementById('template_results-table__tbody')

function htmlToElements(html) {
    const temp = document.createElement('template')
    temp.innerHTML = html
    return temp.content.childNodes
}

const find = (selector, elem) => {
    if (!elem) {
        elem = document
    }
    return elem.querySelector(selector)
}

const findAll = (selector, elem) => {
    if (!elem) {
        elem = document
    }
    return [...elem.querySelectorAll(selector)]
}

const dom = {
    getStaticRow: (key, value) => {
        const envRow = templateEnvRow.content.cloneNode(true)
        const isObj = typeof value === 'object' && value !== null
        const values = isObj ? Object.keys(value).map((k) => `${k}: ${value[k]}`) : null

        const valuesElement = htmlToElements(
            values ? `<ul>${values.map((val) => `<li>${val}</li>`).join('')}<ul>` : `<div>${value}</div>`)[0]
        const td = findAll('td', envRow)
        td[0].textContent = key
        td[1].appendChild(valuesElement)

        return envRow
    },
    getResultTBody: ({ testId, id, log, extras, resultsTableRow, tableHtml, result, collapsed }) => {
        const resultBody = templateResult.content.cloneNode(true)
        resultBody.querySelector('tbody').classList.add(result.toLowerCase())
        resultBody.querySelector('tbody').id = testId
        resultBody.querySelector('.collapsible').dataset.id = id

        resultsTableRow.forEach((html) => {
            const t = document.createElement('template')
            t.innerHTML = html
            resultBody.querySelector('.collapsible').appendChild(t.content)
        })

        if (log) {
            // Wrap lines starting with "E" with span.error to color those lines red
            const wrappedLog = log.replace(/^E.*$/gm, (match) => `<span class="error">${match}</span>`)
            resultBody.querySelector('.log').innerHTML = wrappedLog
        } else {
            resultBody.querySelector('.log').remove()
        }

        if (collapsed) {
            resultBody.querySelector('.collapsible > td')?.classList.add('collapsed')
            resultBody.querySelector('.extras-row').classList.add('hidden')
        } else {
            resultBody.querySelector('.collapsible > td')?.classList.remove('collapsed')
        }

        const media = []
        extras?.forEach(({ name, format_type, content }) => {
            if (['image', 'video'].includes(format_type)) {
                media.push({ path: content, name, format_type })
            }

            if (format_type === 'html') {
                resultBody.querySelector('.extraHTML').insertAdjacentHTML('beforeend', `<div>${content}</div>`)
            }
        })
        mediaViewer.setup(resultBody, media)

        // Add custom html from the pytest_html_results_table_html hook
        tableHtml?.forEach((item) => {
            resultBody.querySelector('td[class="extra"]').insertAdjacentHTML('beforeend', item)
        })

        return resultBody
    },
}

module.exports = {
    dom,
    htmlToElements,
    find,
    findAll,
}

},{"./mediaviewer.js":6}],3:[function(require,module,exports){
const { manager } = require('./datamanager.js')
const { doSort } = require('./sort.js')
const storageModule = require('./storage.js')

const getFilteredSubSet = (filter) =>
    manager.allData.tests.filter(({ result }) => filter.includes(result.toLowerCase()))

const doInitFilter = () => {
    const currentFilter = storageModule.getVisible()
    const filteredSubset = getFilteredSubSet(currentFilter)
    manager.setRender(filteredSubset)
}

const doFilter = (type, show) => {
    if (show) {
        storageModule.showCategory(type)
    } else {
        storageModule.hideCategory(type)
    }

    const currentFilter = storageModule.getVisible()
    const filteredSubset = getFilteredSubSet(currentFilter)
    manager.setRender(filteredSubset)

    const sortColumn = storageModule.getSort()
    doSort(sortColumn, true)
}

module.exports = {
    doFilter,
    doInitFilter,
}

},{"./datamanager.js":1,"./sort.js":7,"./storage.js":8}],4:[function(require,module,exports){
const { redraw, bindEvents, renderStatic } = require('./main.js')
const { doInitFilter } = require('./filter.js')
const { doInitSort } = require('./sort.js')
const { manager } = require('./datamanager.js')
const data = JSON.parse(document.getElementById('data-container').dataset.jsonblob)

function init() {
    manager.setManager(data)
    doInitFilter()
    doInitSort()
    renderStatic()
    redraw()
    bindEvents()
}

init()

},{"./datamanager.js":1,"./filter.js":3,"./main.js":5,"./sort.js":7}],5:[function(require,module,exports){
const { dom, find, findAll } = require('./dom.js')
const { manager } = require('./datamanager.js')
const { doSort } = require('./sort.js')
const { doFilter } = require('./filter.js')
const {
    getVisible,
    getCollapsedIds,
    setCollapsedIds,
    getSort,
    getSortDirection,
    possibleFilters,
} = require('./storage.js')

const removeChildren = (node) => {
    while (node.firstChild) {
        node.removeChild(node.firstChild)
    }
}

const renderStatic = () => {
    const renderEnvironmentTable = () => {
        const environment = manager.environment
        const rows = Object.keys(environment).map((key) => dom.getStaticRow(key, environment[key]))
        const table = document.getElementById('environment')
        removeChildren(table)
        rows.forEach((row) => table.appendChild(row))
    }
    renderEnvironmentTable()
}

const addItemToggleListener = (elem) => {
    elem.addEventListener('click', ({ target }) => {
        const id = target.parentElement.dataset.id
        manager.toggleCollapsedItem(id)

        const collapsedIds = getCollapsedIds()
        if (collapsedIds.includes(id)) {
            const updated = collapsedIds.filter((item) => item !== id)
            setCollapsedIds(updated)
        } else {
            collapsedIds.push(id)
            setCollapsedIds(collapsedIds)
        }
        redraw()
    })
}

const renderContent = (tests) => {
    const sortAttr = getSort(manager.initialSort)
    const sortAsc = JSON.parse(getSortDirection())
    const rows = tests.map(dom.getResultTBody)
    const table = document.getElementById('results-table')
    const tableHeader = document.getElementById('results-table-head')

    const newTable = document.createElement('table')
    newTable.id = 'results-table'

    // remove all sorting classes and set the relevant
    findAll('.sortable', tableHeader).forEach((elem) => elem.classList.remove('asc', 'desc'))
    tableHeader.querySelector(`.sortable[data-column-type="${sortAttr}"]`)?.classList.add(sortAsc ? 'desc' : 'asc')
    newTable.appendChild(tableHeader)

    if (!rows.length) {
        const emptyTable = document.getElementById('template_results-table__body--empty').content.cloneNode(true)
        newTable.appendChild(emptyTable)
    } else {
        rows.forEach((row) => {
            if (!!row) {
                findAll('.collapsible td:not(.col-links', row).forEach(addItemToggleListener)
                find('.logexpander', row).addEventListener('click',
                    (evt) => evt.target.parentNode.classList.toggle('expanded'),
                )
                newTable.appendChild(row)
            }
        })
    }

    table.replaceWith(newTable)
}

const renderDerived = () => {
    const currentFilter = getVisible()
    possibleFilters.forEach((result) => {
        const input = document.querySelector(`input[data-test-result="${result}"]`)
        input.checked = currentFilter.includes(result)
    })
}

const bindEvents = () => {
    const filterColumn = (evt) => {
        const { target: element } = evt
        const { testResult } = element.dataset

        doFilter(testResult, element.checked)
        const collapsedIds = getCollapsedIds()
        const updated = manager.renderData.tests.map((test) => {
            return {
                ...test,
                collapsed: collapsedIds.includes(test.id),
            }
        })
        manager.setRender(updated)
        redraw()
    }

    const header = document.getElementById('environment-header')
    header.addEventListener('click', () => {
        const table = document.getElementById('environment')
        table.classList.toggle('hidden')
        header.classList.toggle('collapsed')
    })

    findAll('input[name="filter_checkbox"]').forEach((elem) => {
        elem.addEventListener('click', filterColumn)
    })

    findAll('.sortable').forEach((elem) => {
        elem.addEventListener('click', (evt) => {
            const { target: element } = evt
            const { columnType } = element.dataset
            doSort(columnType)
            redraw()
        })
    })

    document.getElementById('show_all_details').addEventListener('click', () => {
        manager.allCollapsed = false
        setCollapsedIds([])
        redraw()
    })
    document.getElementById('hide_all_details').addEventListener('click', () => {
        manager.allCollapsed = true
        const allIds = manager.renderData.tests.map((test) => test.id)
        setCollapsedIds(allIds)
        redraw()
    })
}

const redraw = () => {
    const { testSubset } = manager

    renderContent(testSubset)
    renderDerived()
}

module.exports = {
    redraw,
    bindEvents,
    renderStatic,
}

},{"./datamanager.js":1,"./dom.js":2,"./filter.js":3,"./sort.js":7,"./storage.js":8}],6:[function(require,module,exports){
class MediaViewer {
    constructor(assets) {
        this.assets = assets
        this.index = 0
    }

    nextActive() {
        this.index = this.index === this.assets.length - 1 ? 0 : this.index + 1
        return [this.activeFile, this.index]
    }

    prevActive() {
        this.index = this.index === 0 ? this.assets.length - 1 : this.index -1
        return [this.activeFile, this.index]
    }

    get currentIndex() {
        return this.index
    }

    get activeFile() {
        return this.assets[this.index]
    }
}


const setup = (resultBody, assets) => {
    if (!assets.length) {
        resultBody.querySelector('.media').classList.add('hidden')
        return
    }

    const mediaViewer = new MediaViewer(assets)
    const container = resultBody.querySelector('.media-container')
    const leftArrow = resultBody.querySelector('.media-container__nav--left')
    const rightArrow = resultBody.querySelector('.media-container__nav--right')
    const mediaName = resultBody.querySelector('.media__name')
    const counter = resultBody.querySelector('.media__counter')
    const imageEl = resultBody.querySelector('img')
    const sourceEl = resultBody.querySelector('source')
    const videoEl = resultBody.querySelector('video')

    const setImg = (media, index) => {
        if (media?.format_type === 'image') {
            imageEl.src = media.path

            imageEl.classList.remove('hidden')
            videoEl.classList.add('hidden')
        } else if (media?.format_type === 'video') {
            sourceEl.src = media.path

            videoEl.classList.remove('hidden')
            imageEl.classList.add('hidden')
        }

        mediaName.innerText = media?.name
        counter.innerText = `${index + 1} / ${assets.length}`
    }
    setImg(mediaViewer.activeFile, mediaViewer.currentIndex)

    const moveLeft = () => {
        const [media, index] = mediaViewer.prevActive()
        setImg(media, index)
    }
    const doRight = () => {
        const [media, index] = mediaViewer.nextActive()
        setImg(media, index)
    }
    const openImg = () => {
        window.open(mediaViewer.activeFile.path, '_blank')
    }
    if (assets.length === 1) {
        container.classList.add('media-container--fullscreen')
    } else {
        leftArrow.addEventListener('click', moveLeft)
        rightArrow.addEventListener('click', doRight)
    }
    imageEl.addEventListener('click', openImg)
}

module.exports = {
    setup,
}

},{}],7:[function(require,module,exports){
const { manager } = require('./datamanager.js')
const storageModule = require('./storage.js')

const genericSort = (list, key, ascending, customOrder) => {
    let sorted
    if (customOrder) {
        sorted = list.sort((a, b) => {
            const aValue = a.result.toLowerCase()
            const bValue = b.result.toLowerCase()

            const aIndex = customOrder.findIndex((item) => item.toLowerCase() === aValue)
            const bIndex = customOrder.findIndex((item) => item.toLowerCase() === bValue)

            // Compare the indices to determine the sort order
            return aIndex - bIndex
        })
    } else {
        sorted = list.sort((a, b) => a[key] === b[key] ? 0 : a[key] > b[key] ? 1 : -1)
    }

    if (ascending) {
        sorted.reverse()
    }
    return sorted
}

const durationSort = (list, ascending) => {
    const parseDuration = (duration) => {
        if (duration.includes(':')) {
            // If it's in the format "HH:mm:ss"
            const [hours, minutes, seconds] = duration.split(':').map(Number)
            return (hours * 3600 + minutes * 60 + seconds) * 1000
        } else {
            // If it's in the format "nnn ms"
            return parseInt(duration)
        }
    }
    const sorted = list.sort((a, b) => parseDuration(a['duration']) - parseDuration(b['duration']))
    if (ascending) {
        sorted.reverse()
    }
    return sorted
}

const doInitSort = () => {
    const type = storageModule.getSort(manager.initialSort)
    const ascending = storageModule.getSortDirection()
    const list = manager.testSubset
    const initialOrder = ['Error', 'Failed', 'Rerun', 'XFailed', 'XPassed', 'Skipped', 'Passed']

    storageModule.setSort(type)
    storageModule.setSortDirection(ascending)

    if (type?.toLowerCase() === 'original') {
        manager.setRender(list)
    } else {
        let sortedList
        switch (type) {
        case 'duration':
            sortedList = durationSort(list, ascending)
            break
        case 'result':
            sortedList = genericSort(list, type, ascending, initialOrder)
            break
        default:
            sortedList = genericSort(list, type, ascending)
            break
        }
        manager.setRender(sortedList)
    }
}

const doSort = (type, skipDirection) => {
    const newSortType = storageModule.getSort(manager.initialSort) !== type
    const currentAsc = storageModule.getSortDirection()
    let ascending
    if (skipDirection) {
        ascending = currentAsc
    } else {
        ascending = newSortType ? false : !currentAsc
    }
    storageModule.setSort(type)
    storageModule.setSortDirection(ascending)

    const list = manager.testSubset
    const sortedList = type === 'duration' ? durationSort(list, ascending) : genericSort(list, type, ascending)
    manager.setRender(sortedList)
}

module.exports = {
    doInitSort,
    doSort,
}

},{"./datamanager.js":1,"./storage.js":8}],8:[function(require,module,exports){
const possibleFilters = [
    'passed',
    'skipped',
    'failed',
    'error',
    'xfailed',
    'xpassed',
    'rerun',
]

const getVisible = () => {
    const url = new URL(window.location.href)
    const settings = new URLSearchParams(url.search).get('visible')
    const lower = (item) => {
        const lowerItem = item.toLowerCase()
        if (possibleFilters.includes(lowerItem)) {
            return lowerItem
        }
        return null
    }
    return settings === null ?
        possibleFilters :
        [...new Set(settings?.split(',').map(lower).filter((item) => item))]
}

const hideCategory = (categoryToHide) => {
    const url = new URL(window.location.href)
    const visibleParams = new URLSearchParams(url.search).get('visible')
    const currentVisible = visibleParams ? visibleParams.split(',') : [...possibleFilters]
    const settings = [...new Set(currentVisible)].filter((f) => f !== categoryToHide).join(',')

    url.searchParams.set('visible', settings)
    window.history.pushState({}, null, unescape(url.href))
}

const showCategory = (categoryToShow) => {
    if (typeof window === 'undefined') {
        return
    }
    const url = new URL(window.location.href)
    const currentVisible = new URLSearchParams(url.search).get('visible')?.split(',').filter(Boolean) ||
        [...possibleFilters]
    const settings = [...new Set([categoryToShow, ...currentVisible])]
    const noFilter = possibleFilters.length === settings.length || !settings.length

    noFilter ? url.searchParams.delete('visible') : url.searchParams.set('visible', settings.join(','))
    window.history.pushState({}, null, unescape(url.href))
}

const getSort = (initialSort) => {
    const url = new URL(window.location.href)
    let sort = new URLSearchParams(url.search).get('sort')
    if (!sort) {
        sort = initialSort || 'result'
    }
    return sort
}

const setSort = (type) => {
    const url = new URL(window.location.href)
    url.searchParams.set('sort', type)
    window.history.pushState({}, null, unescape(url.href))
}

const getCollapsedCategory = (renderCollapsed) => {
    let categories
    if (typeof window !== 'undefined') {
        const url = new URL(window.location.href)
        const collapsedItems = new URLSearchParams(url.search).get('collapsed')
        switch (true) {
        case !renderCollapsed && collapsedItems === null:
            categories = ['passed']
            break
        case collapsedItems?.length === 0 || /^["']{2}$/.test(collapsedItems):
            categories = []
            break
        case /^all$/.test(collapsedItems) || collapsedItems === null && /^all$/.test(renderCollapsed):
            categories = [...possibleFilters]
            break
        default:
            categories = collapsedItems?.split(',').map((item) => item.toLowerCase()) || renderCollapsed
            break
        }
    } else {
        categories = []
    }
    return categories
}

const getSortDirection = () => JSON.parse(sessionStorage.getItem('sortAsc')) || false
const setSortDirection = (ascending) => sessionStorage.setItem('sortAsc', ascending)

const getCollapsedIds = () => JSON.parse(sessionStorage.getItem('collapsedIds')) || []
const setCollapsedIds = (list) => sessionStorage.setItem('collapsedIds', JSON.stringify(list))

module.exports = {
    getVisible,
    hideCategory,
    showCategory,
    getCollapsedIds,
    setCollapsedIds,
    getSort,
    setSort,
    getSortDirection,
    setSortDirection,
    getCollapsedCategory,
    possibleFilters,
}

},{}]},{},[4]);
    </script>
  </footer>
</html>